INFO 2025-10-04 23:51:29,844 autoreload Watching for file changes with StatReloader
WARNING 2025-10-04 23:51:36,873 log Not Found: /
WARNING 2025-10-04 23:51:36,874 basehttp "GET / HTTP/1.1" 404 2637
INFO 2025-10-04 23:51:59,392 basehttp "GET /api/auth/register HTTP/1.1" 301 0
WARNING 2025-10-04 23:51:59,422 log Method Not Allowed: /api/auth/register/
WARNING 2025-10-04 23:51:59,422 basehttp "GET /api/auth/register/ HTTP/1.1" 405 13500
WARNING 2025-10-04 23:52:23,614 log Bad Request: /api/auth/register/
WARNING 2025-10-04 23:52:23,614 basehttp "POST /api/auth/register/ HTTP/1.1" 400 13927
WARNING 2025-10-04 23:52:32,287 log Bad Request: /api/auth/register/
WARNING 2025-10-04 23:52:32,288 basehttp "POST /api/auth/register/ HTTP/1.1" 400 13668
INFO 2025-10-04 23:52:38,038 basehttp "POST /api/auth/register/ HTTP/1.1" 201 14650
WARNING 2025-10-04 23:52:57,754 log Method Not Allowed: /api/auth/login/
WARNING 2025-10-04 23:52:57,755 basehttp "GET /api/auth/login/ HTTP/1.1" 405 10389
WARNING 2025-10-04 23:53:31,816 log Unauthorized: /api/auth/login/
WARNING 2025-10-04 23:53:31,816 basehttp "POST /api/auth/login/ HTTP/1.1" 401 10326
WARNING 2025-10-04 23:53:48,704 log Unauthorized: /api/auth/login/
WARNING 2025-10-04 23:53:48,704 basehttp "POST /api/auth/login/ HTTP/1.1" 401 10326
INFO 2025-10-04 23:53:52,651 basehttp "GET /admin/ HTTP/1.1" 302 0
INFO 2025-10-04 23:53:52,662 basehttp "GET /admin/login/?next=/admin/ HTTP/1.1" 200 4173
INFO 2025-10-04 23:54:01,343 basehttp "POST /admin/login/?next=/admin/ HTTP/1.1" 302 0
INFO 2025-10-04 23:54:01,356 basehttp "GET /admin/ HTTP/1.1" 200 11555
INFO 2025-10-04 23:54:03,601 basehttp "GET /admin/auth/user/ HTTP/1.1" 200 16478
INFO 2025-10-04 23:54:03,632 basehttp "GET /static/admin/css/changelists.css HTTP/1.1" 200 6878
INFO 2025-10-04 23:54:03,636 basehttp "GET /static/admin/js/jquery.init.js HTTP/1.1" 200 347
INFO 2025-10-04 23:54:03,639 basehttp "GET /admin/jsi18n/ HTTP/1.1" 200 3342
INFO 2025-10-04 23:54:03,640 basehttp "GET /static/admin/js/actions.js HTTP/1.1" 200 8076
INFO 2025-10-04 23:54:03,641 basehttp "GET /static/admin/js/core.js HTTP/1.1" 200 6208
INFO 2025-10-04 23:54:03,641 basehttp "GET /static/admin/js/admin/RelatedObjectLookups.js HTTP/1.1" 200 9777
INFO 2025-10-04 23:54:03,645 basehttp "GET /static/admin/js/prepopulate.js HTTP/1.1" 200 1531
INFO 2025-10-04 23:54:03,645 basehttp "GET /static/admin/js/urlify.js HTTP/1.1" 200 7887
INFO 2025-10-04 23:54:03,647 basehttp "GET /static/admin/js/vendor/jquery/jquery.js HTTP/1.1" 200 285314
INFO 2025-10-04 23:54:03,647 basehttp "GET /static/admin/js/vendor/xregexp/xregexp.js HTTP/1.1" 200 325171
INFO 2025-10-04 23:54:03,651 basehttp "GET /static/admin/img/search.svg HTTP/1.1" 200 458
INFO 2025-10-04 23:54:03,675 basehttp "GET /static/admin/img/icon-yes.svg HTTP/1.1" 200 436
INFO 2025-10-04 23:54:03,700 basehttp "GET /static/admin/img/icon-no.svg HTTP/1.1" 200 560
INFO 2025-10-04 23:54:03,701 basehttp "GET /static/admin/js/filters.js HTTP/1.1" 200 978
INFO 2025-10-04 23:54:03,703 basehttp "GET /static/admin/img/sorting-icons.svg HTTP/1.1" 200 1097
INFO 2025-10-04 23:54:03,704 basehttp "GET /static/admin/img/tooltag-add.svg HTTP/1.1" 200 331
INFO 2025-10-04 23:54:03,704 basehttp "GET /static/admin/img/icon-viewlink.svg HTTP/1.1" 200 581
INFO 2025-10-04 23:54:07,257 basehttp "GET /admin/auth/user/3/change/ HTTP/1.1" 200 27896
INFO 2025-10-04 23:54:07,281 basehttp "GET /static/admin/css/forms.css HTTP/1.1" 200 8525
INFO 2025-10-04 23:54:07,282 basehttp "GET /static/admin/js/calendar.js HTTP/1.1" 200 9141
INFO 2025-10-04 23:54:07,282 basehttp "GET /static/admin/js/SelectBox.js HTTP/1.1" 200 4530
INFO 2025-10-04 23:54:07,283 basehttp "GET /static/admin/js/SelectFilter2.js HTTP/1.1" 200 15845
INFO 2025-10-04 23:54:07,284 basehttp "GET /static/admin/js/admin/DateTimeShortcuts.js HTTP/1.1" 200 19319
INFO 2025-10-04 23:54:07,286 basehttp "GET /admin/jsi18n/ HTTP/1.1" 200 3342
INFO 2025-10-04 23:54:07,286 basehttp "GET /static/admin/js/prepopulate_init.js HTTP/1.1" 200 586
INFO 2025-10-04 23:54:07,319 basehttp "GET /static/admin/js/change_form.js HTTP/1.1" 200 606
INFO 2025-10-04 23:54:07,320 basehttp "GET /static/admin/css/widgets.css HTTP/1.1" 200 11973
INFO 2025-10-04 23:54:07,396 basehttp "GET /static/admin/img/selector-icons.svg HTTP/1.1" 200 3291
INFO 2025-10-04 23:54:07,397 basehttp "GET /static/admin/img/icon-calendar.svg HTTP/1.1" 200 1086
INFO 2025-10-04 23:54:07,397 basehttp "GET /static/admin/img/icon-clock.svg HTTP/1.1" 200 677
INFO 2025-10-04 23:54:11,380 basehttp "GET /admin/auth/user/3/password/ HTTP/1.1" 200 13167
INFO 2025-10-04 23:54:11,396 basehttp "GET /static/admin/css/unusable_password_field.css HTTP/1.1" 200 663
INFO 2025-10-04 23:54:11,399 basehttp "GET /static/admin/js/unusable_password_field.js HTTP/1.1" 200 1480
INFO 2025-10-04 23:54:17,425 basehttp "POST /admin/auth/user/3/password/ HTTP/1.1" 200 13389
INFO 2025-10-04 23:54:28,413 basehttp "POST /admin/auth/user/3/password/ HTTP/1.1" 302 0
INFO 2025-10-04 23:54:28,437 basehttp "GET /admin/auth/user/3/change/ HTTP/1.1" 200 28032
INFO 2025-10-04 23:54:31,431 basehttp "GET /admin/jsi18n/ HTTP/1.1" 200 3342
INFO 2025-10-04 23:54:38,411 basehttp "GET /admin/auth/user/3/password/ HTTP/1.1" 200 13167
INFO 2025-10-04 23:54:38,902 basehttp "GET /admin/auth/user/3/change/ HTTP/1.1" 200 27896
INFO 2025-10-04 23:54:39,294 basehttp "GET /admin/auth/user/ HTTP/1.1" 200 16478
INFO 2025-10-04 23:54:39,661 basehttp "GET /admin/ HTTP/1.1" 200 11935
INFO 2025-10-04 23:54:40,125 basehttp "GET /admin/login/?next=/admin/ HTTP/1.1" 302 0
INFO 2025-10-04 23:54:40,133 basehttp "GET /admin/ HTTP/1.1" 200 11935
WARNING 2025-10-04 23:54:41,284 log Method Not Allowed: /api/auth/login/
WARNING 2025-10-04 23:54:41,285 basehttp "GET /api/auth/login/ HTTP/1.1" 405 10389
INFO 2025-10-04 23:54:56,642 basehttp "POST /api/auth/login/ HTTP/1.1" 200 11522
WARNING 2025-10-04 23:55:30,469 log Not Found: /api/api/moderation/upload-policy/
WARNING 2025-10-04 23:55:30,469 basehttp "GET /api/api/moderation/upload-policy/ HTTP/1.1" 404 2754
WARNING 2025-10-04 23:55:33,908 log Unauthorized: /api/moderation/upload-policy/
WARNING 2025-10-04 23:55:33,909 basehttp "GET /api/moderation/upload-policy/ HTTP/1.1" 401 8586
WARNING 2025-10-04 23:55:37,206 log Unauthorized: /api/moderation/upload-policy/
WARNING 2025-10-04 23:55:37,207 basehttp "GET /api/moderation/upload-policy/ HTTP/1.1" 401 8586
INFO 2025-10-05 00:17:25,857 basehttp "OPTIONS /api/auth/login/ HTTP/1.1" 200 0
INFO 2025-10-05 00:17:26,087 basehttp "POST /api/auth/login/ HTTP/1.1" 200 785
INFO 2025-10-05 00:17:34,857 basehttp "OPTIONS /api/moderation/policies/ HTTP/1.1" 200 0
INFO 2025-10-05 00:17:34,862 basehttp "GET /api/moderation/policies/ HTTP/1.1" 200 53
INFO 2025-10-05 00:17:36,034 basehttp "OPTIONS /api/moderation/history/ HTTP/1.1" 200 0
INFO 2025-10-05 00:17:36,047 basehttp "GET /api/moderation/history/ HTTP/1.1" 200 24
INFO 2025-10-05 00:17:36,620 basehttp "GET /api/moderation/policies/ HTTP/1.1" 200 53
INFO 2025-10-05 00:17:42,781 basehttp "OPTIONS /api/moderation/upload-policy/ HTTP/1.1" 200 0
INFO 2025-10-05 00:17:42,785 views User vasusharma uploading 1 policy files
INFO 2025-10-05 00:17:42,800 views Saved policy file: Hate speech not allowed.pdf
INFO 2025-10-05 00:17:42,801 policy_store Building/updating policy store with 1 files
DEBUG 2025-10-05 00:17:42,890 policy_store Loaded /home/vasu/repos/sem5project/media/policies/Hate_speech_not_allowed.pdf
INFO 2025-10-05 00:17:42,890 policy_store Split into 1 chunks
INFO 2025-10-05 00:17:46,287 SentenceTransformer Use pytorch device_name: cuda:0
INFO 2025-10-05 00:17:46,287 SentenceTransformer Load pretrained SentenceTransformer: all-MiniLM-L12-v2
INFO 2025-10-05 00:17:50,017 policy_store Creating new policy store
INFO 2025-10-05 00:17:50,351 posthog Anonymized telemetry enabled. See                     https://docs.trychroma.com/telemetry for more information.
INFO 2025-10-05 00:17:51,288 policy_store Policy store updated successfully
INFO 2025-10-05 00:17:51,288 views Policy store updated successfully
INFO 2025-10-05 00:17:51,290 basehttp "POST /api/moderation/upload-policy/ HTTP/1.1" 201 354
INFO 2025-10-05 00:17:54,253 basehttp "GET /api/moderation/policies/ HTTP/1.1" 200 254
INFO 2025-10-05 00:18:01,270 basehttp "OPTIONS /api/moderation/moderate/ HTTP/1.1" 200 0
INFO 2025-10-05 00:18:01,317 views User vasusharma moderating file: I hate you.pdf
INFO 2025-10-05 00:18:01,317 SentenceTransformer Use pytorch device_name: cuda:0
INFO 2025-10-05 00:18:01,318 SentenceTransformer Load pretrained SentenceTransformer: all-MiniLM-L12-v2
INFO 2025-10-05 00:18:04,313 policy_store Loading existing policy store
INFO 2025-10-05 00:18:04,317 moderation_engine Starting moderation for: I hate you.pdf
INFO 2025-10-05 00:18:04,317 moderation_engine Loading PDF: I hate you.pdf
INFO 2025-10-05 00:18:04,319 moderation_engine Split I hate you.pdf into 1 chunks
INFO 2025-10-05 00:18:04,319 moderation_engine Processing 1 chunks for moderation
INFO 2025-10-05 00:18:04,319 llm Initializing RetrievalQA chain with k=3
INFO 2025-10-05 00:18:04,515 llm RetrievalQA moderation chain initialized successfully
DEBUG 2025-10-05 00:18:04,515 moderation_engine Moderating chunk 0/1: len=10
INFO 2025-10-05 00:18:04,827 _client HTTP Request: POST https://api.groq.com/openai/v1/chat/completions "HTTP/1.1 200 OK"
INFO 2025-10-05 00:18:04,838 moderation_engine Chunk 0: VIOLATION detected
INFO 2025-10-05 00:18:04,838 moderation_engine Moderation complete for I hate you.pdf: verdict=violation_found, violations=1, reviews=0, allowed=0/1
INFO 2025-10-05 00:18:04,867 views Moderation complete for I hate you.pdf: verdict=violation_found
INFO 2025-10-05 00:18:04,870 basehttp "POST /api/moderation/moderate/ HTTP/1.1" 200 608
INFO 2025-10-05 00:18:07,251 basehttp "GET /api/moderation/history/ HTTP/1.1" 200 255
INFO 2025-10-05 00:18:19,065 basehttp "GET /api/moderation/policies/ HTTP/1.1" 200 254
INFO 2025-10-05 00:18:23,761 basehttp "GET /api/moderation/policies/ HTTP/1.1" 200 254
INFO 2025-10-05 00:18:24,132 basehttp "GET /api/moderation/history/ HTTP/1.1" 200 255
INFO 2025-10-05 00:18:25,704 basehttp "GET /api/moderation/policies/ HTTP/1.1" 200 254
INFO 2025-10-05 00:18:26,157 basehttp "GET /api/moderation/history/ HTTP/1.1" 200 255
INFO 2025-10-05 00:18:26,490 basehttp "GET /api/moderation/policies/ HTTP/1.1" 200 254
INFO 2025-10-05 00:18:27,528 basehttp "GET /api/moderation/policies/ HTTP/1.1" 200 254
INFO 2025-10-05 00:18:29,146 basehttp "GET /api/moderation/policies/ HTTP/1.1" 200 254
INFO 2025-10-05 00:18:34,471 basehttp "GET /api/moderation/policies/ HTTP/1.1" 200 254
INFO 2025-10-05 00:18:34,826 basehttp "GET /api/moderation/history/ HTTP/1.1" 200 255
INFO 2025-10-05 00:18:35,169 basehttp "GET /api/moderation/policies/ HTTP/1.1" 200 254
INFO 2025-10-05 00:18:35,930 basehttp "GET /api/moderation/policies/ HTTP/1.1" 200 254
INFO 2025-10-05 00:18:37,304 basehttp "GET /api/moderation/policies/ HTTP/1.1" 200 254
INFO 2025-10-05 00:18:37,667 basehttp "GET /api/moderation/history/ HTTP/1.1" 200 255
INFO 2025-10-05 00:18:38,991 basehttp "GET /api/moderation/policies/ HTTP/1.1" 200 254
INFO 2025-10-05 00:18:39,333 basehttp "GET /api/moderation/history/ HTTP/1.1" 200 255
INFO 2025-10-05 00:18:39,724 basehttp "GET /api/moderation/policies/ HTTP/1.1" 200 254
INFO 2025-10-05 00:18:51,701 basehttp "GET /api/moderation/policies/ HTTP/1.1" 200 254
INFO 2025-10-05 00:18:52,103 basehttp "GET /api/moderation/history/ HTTP/1.1" 200 255
INFO 2025-10-05 00:18:52,411 basehttp "GET /api/moderation/policies/ HTTP/1.1" 200 254
INFO 2025-10-05 00:18:59,689 basehttp "GET /api/moderation/policies/ HTTP/1.1" 200 254
INFO 2025-10-05 00:19:00,462 basehttp "GET /api/moderation/history/ HTTP/1.1" 200 255
INFO 2025-10-05 00:19:00,888 basehttp "GET /api/moderation/policies/ HTTP/1.1" 200 254
INFO 2025-10-05 00:19:01,630 basehttp "GET /api/moderation/history/ HTTP/1.1" 200 255
INFO 2025-10-05 00:19:02,629 basehttp "GET /api/moderation/policies/ HTTP/1.1" 200 254
INFO 2025-10-05 00:19:03,582 basehttp "GET /api/moderation/policies/ HTTP/1.1" 200 254
INFO 2025-10-05 00:19:05,561 basehttp "GET /api/moderation/policies/ HTTP/1.1" 200 254
INFO 2025-10-05 00:19:13,273 basehttp "GET /api/moderation/policies/ HTTP/1.1" 200 254
INFO 2025-10-05 00:19:14,271 basehttp "GET /api/moderation/policies/ HTTP/1.1" 200 254
INFO 2025-10-05 00:19:15,622 basehttp "GET /api/moderation/policies/ HTTP/1.1" 200 254
INFO 2025-10-05 00:20:50,122 basehttp "GET /api/moderation/policies/ HTTP/1.1" 200 254
INFO 2025-10-05 00:20:51,096 basehttp "GET /api/moderation/history/ HTTP/1.1" 200 255
INFO 2025-10-05 00:20:55,850 basehttp "GET /api/moderation/policies/ HTTP/1.1" 200 254
INFO 2025-10-05 00:20:57,283 basehttp "GET /api/moderation/history/ HTTP/1.1" 200 255
INFO 2025-10-05 00:20:58,057 basehttp "GET /api/moderation/policies/ HTTP/1.1" 200 254
INFO 2025-10-05 00:21:03,307 basehttp "OPTIONS /api/auth/logout/ HTTP/1.1" 200 0
INFO 2025-10-05 00:21:03,327 basehttp "POST /api/auth/logout/ HTTP/1.1" 200 31
INFO 2025-10-05 00:21:32,346 basehttp "OPTIONS /api/auth/register/ HTTP/1.1" 200 0
INFO 2025-10-05 00:21:32,590 basehttp "POST /api/auth/register/ HTTP/1.1" 201 779
INFO 2025-10-05 00:21:34,903 basehttp "GET /api/moderation/policies/ HTTP/1.1" 200 52
INFO 2025-10-05 00:21:35,532 basehttp "GET /api/moderation/history/ HTTP/1.1" 200 24
INFO 2025-10-05 00:21:35,846 basehttp "GET /api/moderation/policies/ HTTP/1.1" 200 52
INFO 2025-10-05 00:21:38,256 basehttp "GET /api/moderation/policies/ HTTP/1.1" 200 52
INFO 2025-10-05 00:21:38,741 basehttp "GET /api/moderation/history/ HTTP/1.1" 200 24
INFO 2025-10-05 00:21:39,093 basehttp "GET /api/moderation/policies/ HTTP/1.1" 200 52
INFO 2025-10-05 00:21:40,215 basehttp "GET /api/moderation/policies/ HTTP/1.1" 200 52
INFO 2025-10-05 00:21:40,708 basehttp "GET /api/moderation/history/ HTTP/1.1" 200 24
INFO 2025-10-05 00:21:41,264 basehttp "GET /api/moderation/policies/ HTTP/1.1" 200 52
INFO 2025-10-05 00:21:45,422 basehttp "POST /api/auth/logout/ HTTP/1.1" 200 31
INFO 2025-10-05 00:21:51,330 basehttp "POST /api/auth/login/ HTTP/1.1" 200 767
INFO 2025-10-05 00:21:59,265 basehttp "GET /admin/ HTTP/1.1" 200 11935
INFO 2025-10-05 00:22:01,307 basehttp "GET /admin/accounts/userprofile/ HTTP/1.1" 200 15592
INFO 2025-10-05 00:22:01,339 basehttp "GET /admin/jsi18n/ HTTP/1.1" 200 3342
INFO 2025-10-05 00:22:08,354 basehttp "GET /admin/moderation/policydocument/ HTTP/1.1" 200 15827
INFO 2025-10-05 00:22:08,370 basehttp "GET /admin/jsi18n/ HTTP/1.1" 200 3342
INFO 2025-10-05 00:22:10,880 basehttp "GET /admin/moderation/moderationresult/ HTTP/1.1" 200 16999
INFO 2025-10-05 00:22:10,900 basehttp "GET /admin/jsi18n/ HTTP/1.1" 200 3342
INFO 2025-10-05 00:22:12,267 basehttp "GET /admin/moderation/moderationresult/1/change/ HTTP/1.1" 200 24084
INFO 2025-10-05 00:22:12,288 basehttp "GET /static/admin/js/inlines.js HTTP/1.1" 200 15628
INFO 2025-10-05 00:22:12,290 basehttp "GET /admin/jsi18n/ HTTP/1.1" 200 3342
INFO 2025-10-05 00:22:14,738 basehttp "GET /admin/moderation/violationdetail/ HTTP/1.1" 200 14679
INFO 2025-10-05 00:22:14,759 basehttp "GET /admin/jsi18n/ HTTP/1.1" 200 3342
INFO 2025-10-05 00:22:20,015 basehttp "GET /api/moderation/policies/ HTTP/1.1" 200 52
INFO 2025-10-05 00:22:20,320 basehttp "GET /api/moderation/history/ HTTP/1.1" 200 24
INFO 2025-10-05 00:22:20,680 basehttp "GET /api/moderation/policies/ HTTP/1.1" 200 52
INFO 2025-10-05 00:22:22,177 basehttp "GET /api/moderation/policies/ HTTP/1.1" 200 52
INFO 2025-10-05 00:22:22,525 basehttp "GET /api/moderation/history/ HTTP/1.1" 200 24
INFO 2025-10-05 00:22:23,215 basehttp "GET /api/moderation/policies/ HTTP/1.1" 200 52
INFO 2025-10-05 00:22:30,091 basehttp "GET /api/moderation/policies/ HTTP/1.1" 200 52
INFO 2025-10-05 00:22:30,489 basehttp "GET /api/moderation/history/ HTTP/1.1" 200 24
INFO 2025-10-05 00:22:30,920 basehttp "GET /api/moderation/policies/ HTTP/1.1" 200 52
INFO 2025-10-05 00:22:34,442 basehttp "GET /api/moderation/policies/ HTTP/1.1" 200 52
INFO 2025-10-05 00:22:34,797 basehttp "GET /api/moderation/history/ HTTP/1.1" 200 24
INFO 2025-10-05 00:22:35,149 basehttp "GET /api/moderation/policies/ HTTP/1.1" 200 52
INFO 2025-10-05 00:22:35,863 basehttp "GET /api/moderation/policies/ HTTP/1.1" 200 52
INFO 2025-10-05 00:22:46,909 basehttp "GET /api/moderation/policies/ HTTP/1.1" 200 52
INFO 2025-10-05 00:22:47,642 basehttp "GET /api/moderation/policies/ HTTP/1.1" 200 52
INFO 2025-10-05 00:22:48,020 basehttp "GET /api/moderation/history/ HTTP/1.1" 200 24
INFO 2025-10-05 00:22:48,498 basehttp "GET /api/moderation/policies/ HTTP/1.1" 200 52
INFO 2025-10-05 00:22:50,802 basehttp "GET /api/moderation/policies/ HTTP/1.1" 200 52
INFO 2025-10-05 00:22:51,336 basehttp "GET /api/moderation/history/ HTTP/1.1" 200 24
INFO 2025-10-05 00:22:51,846 basehttp "GET /api/moderation/policies/ HTTP/1.1" 200 52
INFO 2025-10-05 00:23:30,847 basehttp "GET /api/moderation/policies/ HTTP/1.1" 200 52
INFO 2025-10-05 00:23:31,288 basehttp "GET /api/moderation/history/ HTTP/1.1" 200 24
INFO 2025-10-05 00:23:31,798 basehttp "GET /api/moderation/policies/ HTTP/1.1" 200 52
INFO 2025-10-05 00:23:36,195 basehttp "GET /api/moderation/policies/ HTTP/1.1" 200 52
INFO 2025-10-05 00:23:36,614 basehttp "GET /api/moderation/history/ HTTP/1.1" 200 24
INFO 2025-10-05 00:23:37,017 basehttp "GET /api/moderation/policies/ HTTP/1.1" 200 52
INFO 2025-10-05 11:53:53,653 autoreload Watching for file changes with StatReloader
INFO 2025-10-05 11:55:26,377 basehttp "OPTIONS /api/auth/login/ HTTP/1.1" 200 0
INFO 2025-10-05 11:55:26,635 basehttp "POST /api/auth/login/ HTTP/1.1" 200 665
INFO 2025-10-05 11:55:30,656 basehttp "OPTIONS /api/moderation/policies/ HTTP/1.1" 200 0
INFO 2025-10-05 11:55:30,662 basehttp "GET /api/moderation/policies/ HTTP/1.1" 200 52
INFO 2025-10-05 11:55:32,583 basehttp "OPTIONS /api/moderation/history/ HTTP/1.1" 200 0
INFO 2025-10-05 11:55:32,597 basehttp "GET /api/moderation/history/ HTTP/1.1" 200 24
INFO 2025-10-05 11:55:34,424 basehttp "OPTIONS /api/auth/logout/ HTTP/1.1" 200 0
INFO 2025-10-05 11:55:34,453 basehttp "POST /api/auth/logout/ HTTP/1.1" 200 31
INFO 2025-10-05 12:13:11,900 basehttp "POST /api/auth/login/ HTTP/1.1" 200 665
INFO 2025-10-05 12:13:14,196 basehttp "POST /api/auth/logout/ HTTP/1.1" 200 31
INFO 2025-10-05 12:15:39,524 basehttp "POST /api/auth/login/ HTTP/1.1" 200 665
INFO 2025-10-05 12:18:59,360 basehttp "GET /api/moderation/history/ HTTP/1.1" 200 24
INFO 2025-10-05 12:18:59,361 basehttp "GET /api/moderation/policies/ HTTP/1.1" 200 52
INFO 2025-10-05 12:19:42,347 basehttp "OPTIONS /api/moderation/upload-policy/ HTTP/1.1" 200 0
INFO 2025-10-05 12:19:42,393 views User admin uploading 1 policy files
INFO 2025-10-05 12:19:42,408 views Saved policy file: Hate speech not allowed.pdf
INFO 2025-10-05 12:19:42,408 policy_store Building/updating policy store with 1 files
DEBUG 2025-10-05 12:19:42,479 policy_store Loaded /home/vasu/repos/sem5project/media/policies/Hate_speech_not_allowed_3Euvnw8.pdf
INFO 2025-10-05 12:19:42,479 policy_store Split into 1 chunks
INFO 2025-10-05 12:19:45,251 SentenceTransformer Use pytorch device_name: cuda:0
INFO 2025-10-05 12:19:45,251 SentenceTransformer Load pretrained SentenceTransformer: all-MiniLM-L12-v2
INFO 2025-10-05 12:19:49,013 policy_store Updating existing policy store
INFO 2025-10-05 12:19:49,290 posthog Anonymized telemetry enabled. See                     https://docs.trychroma.com/telemetry for more information.
INFO 2025-10-05 12:19:50,076 policy_store Policy store updated successfully
INFO 2025-10-05 12:19:50,076 views Policy store updated successfully
INFO 2025-10-05 12:19:50,078 basehttp "POST /api/moderation/upload-policy/ HTTP/1.1" 201 357
INFO 2025-10-05 12:19:50,128 basehttp "GET /api/moderation/policies/ HTTP/1.1" 200 257
INFO 2025-10-05 12:19:55,349 basehttp "OPTIONS /api/moderation/moderate/ HTTP/1.1" 200 0
INFO 2025-10-05 12:19:55,393 views User admin moderating file: I hate you.pdf
INFO 2025-10-05 12:19:55,393 SentenceTransformer Use pytorch device_name: cuda:0
INFO 2025-10-05 12:19:55,393 SentenceTransformer Load pretrained SentenceTransformer: all-MiniLM-L12-v2
INFO 2025-10-05 12:19:58,324 policy_store Loading existing policy store
INFO 2025-10-05 12:19:58,327 moderation_engine Starting moderation for: I hate you.pdf
INFO 2025-10-05 12:19:58,327 moderation_engine Loading PDF: I hate you.pdf
INFO 2025-10-05 12:19:58,329 moderation_engine Split I hate you.pdf into 1 chunks
INFO 2025-10-05 12:19:58,338 moderation_engine Processing 1 chunks for moderation
INFO 2025-10-05 12:19:58,338 llm Initializing RetrievalQA chain with k=3
INFO 2025-10-05 12:19:58,475 llm RetrievalQA moderation chain initialized successfully
DEBUG 2025-10-05 12:19:58,475 moderation_engine Moderating chunk 0/1: len=10
INFO 2025-10-05 12:19:58,771 _client HTTP Request: POST https://api.groq.com/openai/v1/chat/completions "HTTP/1.1 200 OK"
INFO 2025-10-05 12:19:58,788 moderation_engine Chunk 0: VIOLATION detected
INFO 2025-10-05 12:19:58,789 moderation_engine Moderation complete for I hate you.pdf: verdict=violation_found, violations=1, reviews=0, allowed=0/1
INFO 2025-10-05 12:19:58,815 views Moderation complete for I hate you.pdf: verdict=violation_found
INFO 2025-10-05 12:19:58,818 basehttp "POST /api/moderation/moderate/ HTTP/1.1" 200 682
INFO 2025-10-05 12:19:58,869 basehttp "GET /api/moderation/history/ HTTP/1.1" 200 250
INFO 2025-10-05 12:20:08,170 basehttp "GET /api/moderation/policies/ HTTP/1.1" 200 257
INFO 2025-10-05 12:20:08,170 basehttp "GET /api/moderation/history/ HTTP/1.1" 200 250
INFO 2025-10-05 12:20:08,178 basehttp "GET /api/moderation/policies/ HTTP/1.1" 200 257
INFO 2025-10-05 12:20:08,180 basehttp "GET /api/moderation/history/ HTTP/1.1" 200 250
INFO 2025-10-05 12:20:09,520 basehttp "GET /api/moderation/history/ HTTP/1.1" 200 250
INFO 2025-10-05 12:20:09,520 basehttp "GET /api/moderation/policies/ HTTP/1.1" 200 257
INFO 2025-10-05 12:20:09,526 basehttp "GET /api/moderation/policies/ HTTP/1.1" 200 257
INFO 2025-10-05 12:20:09,529 basehttp "GET /api/moderation/history/ HTTP/1.1" 200 250
INFO 2025-10-05 12:20:31,120 views User admin moderating file: BNY cover letter.pdf
INFO 2025-10-05 12:20:31,122 SentenceTransformer Use pytorch device_name: cuda:0
INFO 2025-10-05 12:20:31,122 SentenceTransformer Load pretrained SentenceTransformer: all-MiniLM-L12-v2
INFO 2025-10-05 12:20:34,368 policy_store Loading existing policy store
INFO 2025-10-05 12:20:34,371 moderation_engine Starting moderation for: BNY cover letter.pdf
INFO 2025-10-05 12:20:34,371 moderation_engine Loading PDF: BNY cover letter.pdf
INFO 2025-10-05 12:20:34,395 moderation_engine Split BNY cover letter.pdf into 2 chunks
INFO 2025-10-05 12:20:34,396 moderation_engine Processing 2 chunks for moderation
INFO 2025-10-05 12:20:34,396 llm Initializing RetrievalQA chain with k=3
INFO 2025-10-05 12:20:34,426 llm RetrievalQA moderation chain initialized successfully
DEBUG 2025-10-05 12:20:34,426 moderation_engine Moderating chunk 0/2: len=976
INFO 2025-10-05 12:20:34,764 _client HTTP Request: POST https://api.groq.com/openai/v1/chat/completions "HTTP/1.1 200 OK"
DEBUG 2025-10-05 12:20:34,765 moderation_engine Chunk 0: OK
DEBUG 2025-10-05 12:20:34,765 moderation_engine Moderating chunk 1/2: len=937
INFO 2025-10-05 12:20:35,058 _client HTTP Request: POST https://api.groq.com/openai/v1/chat/completions "HTTP/1.1 200 OK"
DEBUG 2025-10-05 12:20:35,059 moderation_engine Chunk 1: OK
INFO 2025-10-05 12:20:35,059 moderation_engine Moderation complete for BNY cover letter.pdf: verdict=clean, violations=0, reviews=0, allowed=2/2
INFO 2025-10-05 12:20:35,076 views Moderation complete for BNY cover letter.pdf: verdict=clean
INFO 2025-10-05 12:20:35,078 basehttp "POST /api/moderation/moderate/ HTTP/1.1" 200 281
INFO 2025-10-05 12:20:35,088 basehttp "GET /api/moderation/history/ HTTP/1.1" 200 473
INFO 2025-10-05 12:21:02,408 basehttp "GET /api/moderation/policies/ HTTP/1.1" 200 257
INFO 2025-10-05 12:21:02,932 basehttp "GET /api/moderation/history/ HTTP/1.1" 200 473
INFO 2025-10-05 12:21:07,213 basehttp "GET /api/moderation/policies/ HTTP/1.1" 200 257
INFO 2025-10-05 12:21:09,338 basehttp "GET /api/moderation/policies/ HTTP/1.1" 200 257
INFO 2025-10-05 12:21:09,850 basehttp "GET /api/moderation/history/ HTTP/1.1" 200 473
INFO 2025-10-05 12:21:10,402 basehttp "GET /api/moderation/policies/ HTTP/1.1" 200 257
INFO 2025-10-05 12:21:10,799 basehttp "GET /api/moderation/history/ HTTP/1.1" 200 473
INFO 2025-10-05 12:22:41,117 basehttp "GET /api/moderation/policies/ HTTP/1.1" 200 257
INFO 2025-10-05 12:22:41,434 basehttp "GET /api/moderation/history/ HTTP/1.1" 200 473
INFO 2025-10-05 12:22:41,828 basehttp "GET /api/moderation/policies/ HTTP/1.1" 200 257
INFO 2025-10-05 12:22:43,985 basehttp "GET /api/moderation/policies/ HTTP/1.1" 200 257
INFO 2025-10-05 12:22:45,826 basehttp "GET /api/moderation/policies/ HTTP/1.1" 200 257
INFO 2025-10-05 12:22:46,761 basehttp "GET /api/moderation/policies/ HTTP/1.1" 200 257
INFO 2025-10-05 12:22:48,661 basehttp "GET /api/moderation/policies/ HTTP/1.1" 200 257
INFO 2025-10-05 12:22:48,998 basehttp "GET /api/moderation/history/ HTTP/1.1" 200 473
INFO 2025-10-05 12:22:49,297 basehttp "GET /api/moderation/policies/ HTTP/1.1" 200 257
INFO 2025-10-05 12:22:49,678 basehttp "GET /api/moderation/history/ HTTP/1.1" 200 473
INFO 2025-10-05 12:22:49,922 basehttp "GET /api/moderation/policies/ HTTP/1.1" 200 257
INFO 2025-10-05 12:22:50,316 basehttp "GET /api/moderation/history/ HTTP/1.1" 200 473
INFO 2025-10-05 12:22:50,586 basehttp "GET /api/moderation/policies/ HTTP/1.1" 200 257
WARNING 2025-10-05 13:49:44,728 log Unauthorized: /api/moderation/policies/
WARNING 2025-10-05 13:49:44,731 basehttp "GET /api/moderation/policies/ HTTP/1.1" 401 172
INFO 2025-10-05 13:49:44,735 basehttp "OPTIONS /api/auth/refresh/ HTTP/1.1" 200 0
INFO 2025-10-05 13:49:44,905 basehttp "POST /api/auth/refresh/ HTTP/1.1" 200 489
INFO 2025-10-05 13:49:44,959 basehttp "GET /api/moderation/policies/ HTTP/1.1" 200 257
INFO 2025-10-05 13:49:45,305 basehttp "GET /api/moderation/history/ HTTP/1.1" 200 473
INFO 2025-10-05 13:49:45,994 basehttp "GET /api/moderation/policies/ HTTP/1.1" 200 257
INFO 2025-10-05 13:49:46,763 basehttp "GET /api/moderation/history/ HTTP/1.1" 200 473
INFO 2025-10-05 13:50:04,013 basehttp "GET /api/moderation/policies/ HTTP/1.1" 200 257
INFO 2025-10-05 13:50:04,814 basehttp "GET /api/moderation/policies/ HTTP/1.1" 200 257
INFO 2025-10-05 13:50:05,562 basehttp "GET /api/moderation/policies/ HTTP/1.1" 200 257
INFO 2025-10-05 13:50:05,998 basehttp "GET /api/moderation/history/ HTTP/1.1" 200 473
INFO 2025-10-05 13:51:55,033 basehttp "GET /api/moderation/policies/ HTTP/1.1" 200 257
INFO 2025-10-05 13:51:55,034 basehttp "GET /api/moderation/history/ HTTP/1.1" 200 473
INFO 2025-10-05 13:52:12,976 basehttp "GET /api/moderation/policies/ HTTP/1.1" 200 257
INFO 2025-10-05 13:52:12,979 basehttp "GET /api/moderation/history/ HTTP/1.1" 200 473
INFO 2025-10-05 13:52:12,984 basehttp "GET /api/moderation/policies/ HTTP/1.1" 200 257
INFO 2025-10-05 13:52:12,988 basehttp "GET /api/moderation/history/ HTTP/1.1" 200 473
WARNING 2025-10-05 13:52:48,022 log Bad Request: /api/auth/logout/
WARNING 2025-10-05 13:52:48,022 basehttp "POST /api/auth/logout/ HTTP/1.1" 400 32
WARNING 2025-10-05 13:52:57,737 log Unauthorized: /api/auth/login/
WARNING 2025-10-05 13:52:57,738 basehttp "POST /api/auth/login/ HTTP/1.1" 401 31
WARNING 2025-10-05 13:52:57,741 log Bad Request: /api/auth/refresh/
WARNING 2025-10-05 13:52:57,741 basehttp "POST /api/auth/refresh/ HTTP/1.1" 400 43
WARNING 2025-10-05 13:53:03,182 log Unauthorized: /api/auth/login/
WARNING 2025-10-05 13:53:03,183 basehttp "POST /api/auth/login/ HTTP/1.1" 401 31
WARNING 2025-10-05 13:53:03,186 log Bad Request: /api/auth/refresh/
WARNING 2025-10-05 13:53:03,186 basehttp "POST /api/auth/refresh/ HTTP/1.1" 400 43
INFO 2025-10-05 13:53:10,411 basehttp "POST /api/auth/login/ HTTP/1.1" 200 664
INFO 2025-10-05 13:53:10,457 basehttp "GET /api/moderation/history/ HTTP/1.1" 200 24
INFO 2025-10-05 13:53:10,458 basehttp "GET /api/moderation/policies/ HTTP/1.1" 200 52
INFO 2025-10-05 13:53:10,471 basehttp "GET /api/moderation/history/ HTTP/1.1" 200 24
INFO 2025-10-05 13:53:10,474 basehttp "GET /api/moderation/policies/ HTTP/1.1" 200 52
INFO 2025-10-05 13:53:15,437 basehttp "POST /api/auth/logout/ HTTP/1.1" 200 31
INFO 2025-10-05 13:53:19,287 basehttp "POST /api/auth/login/ HTTP/1.1" 200 665
INFO 2025-10-05 13:53:19,330 basehttp "GET /api/moderation/policies/ HTTP/1.1" 200 257
INFO 2025-10-05 13:53:19,332 basehttp "GET /api/moderation/history/ HTTP/1.1" 200 473
INFO 2025-10-05 13:53:19,342 basehttp "GET /api/moderation/history/ HTTP/1.1" 200 473
INFO 2025-10-05 13:53:19,376 basehttp "GET /api/moderation/policies/ HTTP/1.1" 200 257
INFO 2025-10-05 13:56:18,005 basehttp "OPTIONS /api/moderation/policies/ HTTP/1.1" 200 0
INFO 2025-10-05 13:56:18,006 basehttp "OPTIONS /api/moderation/history/ HTTP/1.1" 200 0
INFO 2025-10-05 13:56:18,019 basehttp "GET /api/moderation/policies/ HTTP/1.1" 200 257
INFO 2025-10-05 13:56:18,020 basehttp "GET /api/moderation/history/ HTTP/1.1" 200 473
INFO 2025-10-05 13:56:37,475 basehttp "GET /api/moderation/policies/ HTTP/1.1" 200 257
INFO 2025-10-05 13:56:37,478 basehttp "GET /api/moderation/history/ HTTP/1.1" 200 473
INFO 2025-10-05 13:59:14,086 basehttp "GET /api/moderation/policies/ HTTP/1.1" 200 257
INFO 2025-10-05 13:59:14,087 basehttp "GET /api/moderation/history/ HTTP/1.1" 200 473
INFO 2025-10-05 13:59:14,095 basehttp "GET /api/moderation/policies/ HTTP/1.1" 200 257
INFO 2025-10-05 13:59:14,099 basehttp "GET /api/moderation/history/ HTTP/1.1" 200 473
INFO 2025-10-05 14:00:52,021 basehttp "GET /api/moderation/history/ HTTP/1.1" 200 473
INFO 2025-10-05 14:00:52,021 basehttp "GET /api/moderation/policies/ HTTP/1.1" 200 257
INFO 2025-10-05 14:00:58,778 basehttp "OPTIONS /api/moderation/clear-policies/ HTTP/1.1" 200 0
INFO 2025-10-05 14:00:58,803 policy_store Clearing policy store
INFO 2025-10-05 14:00:58,807 policy_store Policy store directory removed
INFO 2025-10-05 14:00:58,808 policy_store Policy store cleared successfully
INFO 2025-10-05 14:00:58,808 views User admin cleared 1 policies and reset policy store
INFO 2025-10-05 14:00:58,809 basehttp "POST /api/moderation/clear-policies/ HTTP/1.1" 200 67
INFO 2025-10-05 14:00:58,858 basehttp "GET /api/moderation/policies/ HTTP/1.1" 200 53
INFO 2025-10-05 14:01:23,910 basehttp "GET /api/moderation/policies/ HTTP/1.1" 200 53
INFO 2025-10-05 14:01:23,917 basehttp "GET /api/moderation/history/ HTTP/1.1" 200 473
INFO 2025-10-05 14:01:23,919 basehttp "GET /api/moderation/policies/ HTTP/1.1" 200 53
INFO 2025-10-05 14:01:23,926 basehttp "GET /api/moderation/history/ HTTP/1.1" 200 473
INFO 2025-10-05 14:02:02,818 basehttp "OPTIONS /api/auth/logout/ HTTP/1.1" 200 0
INFO 2025-10-05 14:02:02,851 basehttp "POST /api/auth/logout/ HTTP/1.1" 200 31
INFO 2025-10-05 14:02:07,554 basehttp "OPTIONS /api/auth/login/ HTTP/1.1" 200 0
INFO 2025-10-05 14:02:07,794 basehttp "POST /api/auth/login/ HTTP/1.1" 200 665
INFO 2025-10-05 14:02:07,869 basehttp "GET /api/moderation/policies/ HTTP/1.1" 200 53
INFO 2025-10-05 14:02:07,872 basehttp "GET /api/moderation/history/ HTTP/1.1" 200 473
INFO 2025-10-05 14:02:07,883 basehttp "GET /api/moderation/history/ HTTP/1.1" 200 473
INFO 2025-10-05 14:02:07,912 basehttp "GET /api/moderation/policies/ HTTP/1.1" 200 53
INFO 2025-10-05 14:02:14,925 views User admin uploading 1 policy files
INFO 2025-10-05 14:02:14,943 views Saved policy file: Hate speech not allowed.pdf
INFO 2025-10-05 14:02:14,943 policy_store Building/updating policy store with 1 files
DEBUG 2025-10-05 14:02:14,957 policy_store Loaded /home/vasu/repos/sem5project/media/policies/Hate_speech_not_allowed_9bDTZKv.pdf
INFO 2025-10-05 14:02:14,957 policy_store Split into 1 chunks
INFO 2025-10-05 14:02:14,964 SentenceTransformer Use pytorch device_name: cuda:0
INFO 2025-10-05 14:02:14,965 SentenceTransformer Load pretrained SentenceTransformer: all-MiniLM-L12-v2
INFO 2025-10-05 14:02:19,121 policy_store Creating new policy store
ERROR 2025-10-05 14:02:19,143 views Error building policy store
Traceback (most recent call last):
  File "/home/vasu/repos/sem5project/moderation/views.py", line 69, in upload_policy_view
    policy_store = build_or_update_policy_store(file_paths)
                   ^^^^^^^^^^^^^^^^^^^^^^^^^^^^^^^^^^^^^^^^
  File "/home/vasu/repos/sem5project/moderation/modules/policy_store.py", line 74, in build_or_update_policy_store
    store = Chroma.from_documents(
            ^^^^^^^^^^^^^^^^^^^^^^
  File "/home/vasu/miniconda3/envs/rag/lib/python3.11/site-packages/langchain_community/vectorstores/chroma.py", line 887, in from_documents
    return cls.from_texts(
           ^^^^^^^^^^^^^^^
  File "/home/vasu/miniconda3/envs/rag/lib/python3.11/site-packages/langchain_community/vectorstores/chroma.py", line 817, in from_texts
    chroma_collection = cls(
                        ^^^^
  File "/home/vasu/miniconda3/envs/rag/lib/python3.11/site-packages/langchain_core/_api/deprecation.py", line 226, in warn_if_direct_instance
    return wrapped(self, *args, **kwargs)
           ^^^^^^^^^^^^^^^^^^^^^^^^^^^^^^
  File "/home/vasu/miniconda3/envs/rag/lib/python3.11/site-packages/langchain_community/vectorstores/chroma.py", line 122, in __init__
    self._client = chromadb.Client(_client_settings)
                   ^^^^^^^^^^^^^^^^^^^^^^^^^^^^^^^^^
  File "/home/vasu/miniconda3/envs/rag/lib/python3.11/site-packages/chromadb/__init__.py", line 384, in Client
    return ClientCreator(tenant=tenant, database=database, settings=settings)
           ^^^^^^^^^^^^^^^^^^^^^^^^^^^^^^^^^^^^^^^^^^^^^^^^^^^^^^^^^^^^^^^^^^
  File "/home/vasu/miniconda3/envs/rag/lib/python3.11/site-packages/chromadb/api/client.py", line 96, in __init__
    self._validate_tenant_database(tenant=self.tenant, database=self.database)
  File "/home/vasu/miniconda3/envs/rag/lib/python3.11/site-packages/chromadb/api/client.py", line 478, in _validate_tenant_database
    raise e
  File "/home/vasu/miniconda3/envs/rag/lib/python3.11/site-packages/chromadb/api/client.py", line 471, in _validate_tenant_database
    self._admin_client.get_tenant(name=tenant)
  File "/home/vasu/miniconda3/envs/rag/lib/python3.11/site-packages/chromadb/api/client.py", line 528, in get_tenant
    return self._server.get_tenant(name=name)
           ^^^^^^^^^^^^^^^^^^^^^^^^^^^^^^^^^^
  File "/home/vasu/miniconda3/envs/rag/lib/python3.11/site-packages/chromadb/api/rust.py", line 165, in get_tenant
    tenant = self.bindings.get_tenant(name)
             ^^^^^^^^^^^^^^^^^^^^^^^^^^^^^^
chromadb.errors.InternalError: Database error: error returned from database: (code: 1) no such table: tenants
ERROR 2025-10-05 14:02:19,166 log Internal Server Error: /api/moderation/upload-policy/
ERROR 2025-10-05 14:02:19,167 basehttp "POST /api/moderation/upload-policy/ HTTP/1.1" 500 119
INFO 2025-10-05 14:02:27,172 basehttp "GET /api/moderation/policies/ HTTP/1.1" 200 52
INFO 2025-10-05 14:02:27,177 basehttp "GET /api/moderation/history/ HTTP/1.1" 200 473
INFO 2025-10-05 14:02:27,184 basehttp "GET /api/moderation/policies/ HTTP/1.1" 200 52
INFO 2025-10-05 14:02:27,190 basehttp "GET /api/moderation/history/ HTTP/1.1" 200 473
INFO 2025-10-05 14:02:59,509 basehttp "POST /api/auth/logout/ HTTP/1.1" 200 31
INFO 2025-10-05 14:03:03,765 basehttp "POST /api/auth/login/ HTTP/1.1" 200 665
INFO 2025-10-05 14:03:03,790 basehttp "GET /api/moderation/policies/ HTTP/1.1" 200 52
INFO 2025-10-05 14:03:03,794 basehttp "GET /api/moderation/history/ HTTP/1.1" 200 473
INFO 2025-10-05 14:03:03,812 basehttp "GET /api/moderation/history/ HTTP/1.1" 200 473
INFO 2025-10-05 14:03:03,836 basehttp "GET /api/moderation/policies/ HTTP/1.1" 200 52
INFO 2025-10-05 14:03:21,124 basehttp "POST /api/auth/logout/ HTTP/1.1" 200 31
WARNING 2025-10-05 14:03:23,900 log Unauthorized: /api/auth/login/
WARNING 2025-10-05 14:03:23,900 basehttp "POST /api/auth/login/ HTTP/1.1" 401 31
WARNING 2025-10-05 14:03:23,904 log Bad Request: /api/auth/refresh/
WARNING 2025-10-05 14:03:23,904 basehttp "POST /api/auth/refresh/ HTTP/1.1" 400 43
INFO 2025-10-05 14:03:28,695 basehttp "POST /api/auth/login/ HTTP/1.1" 200 665
INFO 2025-10-05 14:03:28,721 basehttp "GET /api/moderation/policies/ HTTP/1.1" 200 52
INFO 2025-10-05 14:03:28,726 basehttp "GET /api/moderation/history/ HTTP/1.1" 200 473
INFO 2025-10-05 14:03:28,740 basehttp "GET /api/moderation/history/ HTTP/1.1" 200 473
INFO 2025-10-05 14:03:28,768 basehttp "GET /api/moderation/policies/ HTTP/1.1" 200 52
INFO 2025-10-05 14:04:33,152 autoreload Watching for file changes with StatReloader
INFO 2025-10-05 14:05:23,969 basehttp "POST /api/auth/login/ HTTP/1.1" 200 665
INFO 2025-10-05 14:05:25,515 basehttp "GET /api/moderation/history/ HTTP/1.1" 200 473
INFO 2025-10-05 14:05:28,124 basehttp "GET /api/moderation/policies/ HTTP/1.1" 200 52
INFO 2025-10-05 14:05:29,619 basehttp "GET /api/moderation/policies/ HTTP/1.1" 200 52
INFO 2025-10-05 14:05:30,030 basehttp "GET /api/moderation/history/ HTTP/1.1" 200 473
INFO 2025-10-05 14:05:32,115 basehttp "GET /api/moderation/policies/ HTTP/1.1" 200 52
INFO 2025-10-05 14:05:32,448 basehttp "GET /api/moderation/history/ HTTP/1.1" 200 473
INFO 2025-10-05 16:55:07,702 autoreload Watching for file changes with StatReloader
INFO 2025-10-05 16:55:28,540 basehttp "OPTIONS /api/auth/login/ HTTP/1.1" 200 0
INFO 2025-10-05 16:55:28,798 basehttp "POST /api/auth/login/ HTTP/1.1" 200 665
INFO 2025-10-05 16:55:30,655 basehttp "OPTIONS /api/moderation/history/ HTTP/1.1" 200 0
INFO 2025-10-05 16:55:30,663 basehttp "GET /api/moderation/history/ HTTP/1.1" 200 473
INFO 2025-10-05 16:55:31,640 basehttp "OPTIONS /api/moderation/policies/ HTTP/1.1" 200 0
INFO 2025-10-05 16:55:31,646 basehttp "GET /api/moderation/policies/ HTTP/1.1" 200 52
INFO 2025-10-05 16:55:32,977 basehttp "GET /api/moderation/policies/ HTTP/1.1" 200 52
INFO 2025-10-05 16:55:33,456 basehttp "GET /api/moderation/history/ HTTP/1.1" 200 473
INFO 2025-10-05 16:55:34,097 basehttp "GET /api/moderation/policies/ HTTP/1.1" 200 52
INFO 2025-10-05 17:04:00,834 basehttp "GET /api/moderation/policies/ HTTP/1.1" 200 52
INFO 2025-10-05 17:04:00,838 basehttp "GET /api/moderation/history/ HTTP/1.1" 200 473
INFO 2025-10-05 17:04:43,517 basehttp "OPTIONS /api/moderation/upload-policy/ HTTP/1.1" 200 0
INFO 2025-10-05 17:04:43,562 views User admin uploading 1 policy files
INFO 2025-10-05 17:04:43,581 views Saved policy file: Hate speech not allowed.pdf
INFO 2025-10-05 17:04:43,581 policy_store Building/updating policy store with 1 files
DEBUG 2025-10-05 17:04:43,664 policy_store Loaded /home/vasu/repos/sem5project/media/policies/Hate_speech_not_allowed_D1mlcNB.pdf
INFO 2025-10-05 17:04:43,665 policy_store Split into 1 chunks
INFO 2025-10-05 17:04:46,786 SentenceTransformer Use pytorch device_name: cuda:0
INFO 2025-10-05 17:04:46,787 SentenceTransformer Load pretrained SentenceTransformer: all-MiniLM-L12-v2
INFO 2025-10-05 17:04:51,659 policy_store Updating existing policy store
INFO 2025-10-05 17:04:52,271 posthog Anonymized telemetry enabled. See                     https://docs.trychroma.com/telemetry for more information.
INFO 2025-10-05 17:04:53,306 policy_store Policy store updated successfully
INFO 2025-10-05 17:04:53,306 views Policy store updated successfully
INFO 2025-10-05 17:04:53,307 basehttp "POST /api/moderation/upload-policy/ HTTP/1.1" 201 357
INFO 2025-10-05 17:04:53,358 basehttp "GET /api/moderation/policies/ HTTP/1.1" 200 257
INFO 2025-10-05 17:05:07,840 basehttp "OPTIONS /api/moderation/moderate/ HTTP/1.1" 200 0
INFO 2025-10-05 17:05:07,845 views User admin moderating file: Vasu Sharma CV.pdf
INFO 2025-10-05 17:05:07,846 SentenceTransformer Use pytorch device_name: cuda:0
INFO 2025-10-05 17:05:07,846 SentenceTransformer Load pretrained SentenceTransformer: all-MiniLM-L12-v2
INFO 2025-10-05 17:05:11,376 policy_store Loading existing policy store
INFO 2025-10-05 17:05:11,379 moderation_engine Starting moderation for: Vasu Sharma CV.pdf
INFO 2025-10-05 17:05:11,379 moderation_engine Loading PDF: Vasu Sharma CV.pdf
INFO 2025-10-05 17:05:11,401 moderation_engine Split Vasu Sharma CV.pdf into 2 chunks
INFO 2025-10-05 17:05:11,402 moderation_engine Processing 2 chunks for moderation
INFO 2025-10-05 17:05:11,402 llm Initializing RetrievalQA chain with k=3
INFO 2025-10-05 17:05:11,549 llm RetrievalQA moderation chain initialized successfully
DEBUG 2025-10-05 17:05:11,549 moderation_engine Moderating chunk 0/2: len=991
INFO 2025-10-05 17:05:12,189 _client HTTP Request: POST https://api.groq.com/openai/v1/chat/completions "HTTP/1.1 200 OK"
DEBUG 2025-10-05 17:05:12,202 moderation_engine Chunk 0: OK
DEBUG 2025-10-05 17:05:12,203 moderation_engine Moderating chunk 1/2: len=572
INFO 2025-10-05 17:05:12,495 _client HTTP Request: POST https://api.groq.com/openai/v1/chat/completions "HTTP/1.1 200 OK"
DEBUG 2025-10-05 17:05:12,496 moderation_engine Chunk 1: OK
INFO 2025-10-05 17:05:12,496 moderation_engine Moderation complete for Vasu Sharma CV.pdf: verdict=clean, violations=0, reviews=0, allowed=2/2
INFO 2025-10-05 17:05:12,524 views Moderation complete for Vasu Sharma CV.pdf: verdict=clean
INFO 2025-10-05 17:05:12,527 basehttp "POST /api/moderation/moderate/ HTTP/1.1" 200 277
INFO 2025-10-05 17:05:12,578 basehttp "GET /api/moderation/history/ HTTP/1.1" 200 694
INFO 2025-10-05 17:05:27,332 basehttp "OPTIONS /api/moderation/clear-policies/ HTTP/1.1" 200 0
INFO 2025-10-05 17:05:27,357 policy_store Clearing policy store
INFO 2025-10-05 17:05:27,360 policy_store Policy store directory removed
INFO 2025-10-05 17:05:27,362 policy_store Policy store cleared successfully
INFO 2025-10-05 17:05:27,362 views User admin cleared 1 policies and reset policy store
INFO 2025-10-05 17:05:27,363 basehttp "POST /api/moderation/clear-policies/ HTTP/1.1" 200 67
INFO 2025-10-05 17:05:27,413 basehttp "GET /api/moderation/policies/ HTTP/1.1" 200 53
INFO 2025-10-05 17:07:43,144 basehttp "OPTIONS /api/auth/logout/ HTTP/1.1" 200 0
INFO 2025-10-05 17:07:43,167 basehttp "POST /api/auth/logout/ HTTP/1.1" 200 31
INFO 2025-10-05 17:07:47,870 basehttp "POST /api/auth/login/ HTTP/1.1" 200 665
INFO 2025-10-05 17:07:47,909 basehttp "GET /api/moderation/policies/ HTTP/1.1" 200 53
INFO 2025-10-05 17:07:47,915 basehttp "GET /api/moderation/history/ HTTP/1.1" 200 694
INFO 2025-10-05 17:07:47,925 basehttp "GET /api/moderation/history/ HTTP/1.1" 200 694
INFO 2025-10-05 17:07:47,954 basehttp "GET /api/moderation/policies/ HTTP/1.1" 200 53
INFO 2025-10-05 17:09:27,249 basehttp "GET /api/moderation/policies/ HTTP/1.1" 200 53
INFO 2025-10-05 17:09:27,253 basehttp "GET /api/moderation/history/ HTTP/1.1" 200 694
INFO 2025-10-05 17:09:27,256 basehttp "GET /api/moderation/policies/ HTTP/1.1" 200 53
INFO 2025-10-05 17:09:27,261 basehttp "GET /api/moderation/history/ HTTP/1.1" 200 694
INFO 2025-10-05 17:09:29,258 basehttp "GET /api/moderation/policies/ HTTP/1.1" 200 53
INFO 2025-10-05 17:09:29,263 basehttp "GET /api/moderation/history/ HTTP/1.1" 200 694
INFO 2025-10-05 17:09:29,267 basehttp "GET /api/moderation/policies/ HTTP/1.1" 200 53
INFO 2025-10-05 17:09:29,272 basehttp "GET /api/moderation/history/ HTTP/1.1" 200 694
INFO 2025-10-05 17:09:30,159 basehttp "GET /api/moderation/policies/ HTTP/1.1" 200 53
INFO 2025-10-05 17:09:30,163 basehttp "GET /api/moderation/history/ HTTP/1.1" 200 694
INFO 2025-10-05 17:09:30,166 basehttp "GET /api/moderation/policies/ HTTP/1.1" 200 53
INFO 2025-10-05 17:09:30,171 basehttp "GET /api/moderation/history/ HTTP/1.1" 200 694
INFO 2025-10-05 17:09:30,791 basehttp "GET /api/moderation/policies/ HTTP/1.1" 200 53
INFO 2025-10-05 17:09:30,796 basehttp "GET /api/moderation/history/ HTTP/1.1" 200 694
INFO 2025-10-05 17:09:30,798 basehttp "GET /api/moderation/policies/ HTTP/1.1" 200 53
INFO 2025-10-05 17:09:30,803 basehttp "GET /api/moderation/history/ HTTP/1.1" 200 694
INFO 2025-10-05 17:15:06,669 basehttp "POST /api/auth/logout/ HTTP/1.1" 200 31
WARNING 2025-10-05 17:15:15,107 log Unauthorized: /api/auth/login/
WARNING 2025-10-05 17:15:15,107 basehttp "POST /api/auth/login/ HTTP/1.1" 401 31
INFO 2025-10-05 17:15:15,110 basehttp "OPTIONS /api/auth/refresh/ HTTP/1.1" 200 0
WARNING 2025-10-05 17:15:15,166 log Bad Request: /api/auth/refresh/
WARNING 2025-10-05 17:15:15,166 basehttp "POST /api/auth/refresh/ HTTP/1.1" 400 43
WARNING 2025-10-05 17:15:20,323 log Unauthorized: /api/auth/login/
WARNING 2025-10-05 17:15:20,324 basehttp "POST /api/auth/login/ HTTP/1.1" 401 31
WARNING 2025-10-05 17:15:20,327 log Bad Request: /api/auth/refresh/
WARNING 2025-10-05 17:15:20,328 basehttp "POST /api/auth/refresh/ HTTP/1.1" 400 43
WARNING 2025-10-05 17:15:30,128 log Unauthorized: /api/auth/login/
WARNING 2025-10-05 17:15:30,128 basehttp "POST /api/auth/login/ HTTP/1.1" 401 31
WARNING 2025-10-05 17:15:30,131 log Bad Request: /api/auth/refresh/
WARNING 2025-10-05 17:15:30,131 basehttp "POST /api/auth/refresh/ HTTP/1.1" 400 43
INFO 2025-10-05 17:15:47,655 basehttp "OPTIONS /api/auth/register/ HTTP/1.1" 200 0
INFO 2025-10-05 17:15:47,937 basehttp "POST /api/auth/register/ HTTP/1.1" 201 777
INFO 2025-10-05 17:15:48,006 basehttp "GET /api/moderation/policies/ HTTP/1.1" 200 53
INFO 2025-10-05 17:15:48,011 basehttp "GET /api/moderation/history/ HTTP/1.1" 200 24
INFO 2025-10-05 17:15:48,017 basehttp "GET /api/moderation/history/ HTTP/1.1" 200 24
INFO 2025-10-05 17:15:48,053 basehttp "GET /api/moderation/policies/ HTTP/1.1" 200 53
INFO 2025-10-05 17:26:54,800 autoreload /home/vasu/repos/sem5project/moderation/models.py changed, reloading.
INFO 2025-10-05 17:26:57,684 autoreload Watching for file changes with StatReloader
INFO 2025-10-05 17:27:59,460 autoreload /home/vasu/repos/sem5project/moderation/views.py changed, reloading.
INFO 2025-10-05 17:28:01,253 autoreload Watching for file changes with StatReloader
INFO 2025-10-05 17:28:02,470 autoreload /home/vasu/repos/sem5project/moderation/views.py changed, reloading.
INFO 2025-10-05 17:28:02,827 autoreload Watching for file changes with StatReloader
INFO 2025-10-05 17:28:11,847 autoreload /home/vasu/repos/sem5project/moderation/views.py changed, reloading.
INFO 2025-10-05 17:28:12,742 autoreload Watching for file changes with StatReloader
INFO 2025-10-05 17:28:20,967 autoreload /home/vasu/repos/sem5project/moderation/views.py changed, reloading.
INFO 2025-10-05 17:28:21,332 autoreload Watching for file changes with StatReloader
INFO 2025-10-05 17:28:29,588 autoreload /home/vasu/repos/sem5project/moderation/views.py changed, reloading.
INFO 2025-10-05 17:28:30,422 autoreload Watching for file changes with StatReloader
INFO 2025-10-05 17:33:38,210 autoreload /home/vasu/repos/sem5project/moderation/serializers.py changed, reloading.
INFO 2025-10-05 17:33:38,773 autoreload Watching for file changes with StatReloader
INFO 2025-10-05 17:33:51,160 autoreload /home/vasu/repos/sem5project/moderation/views.py changed, reloading.
INFO 2025-10-05 17:33:52,559 autoreload Watching for file changes with StatReloader
INFO 2025-10-05 17:33:55,799 autoreload /home/vasu/repos/sem5project/moderation/views.py changed, reloading.
INFO 2025-10-05 17:33:56,119 autoreload Watching for file changes with StatReloader
INFO 2025-10-05 17:34:05,460 autoreload /home/vasu/repos/sem5project/moderation/urls.py changed, reloading.
INFO 2025-10-05 17:34:06,565 autoreload Watching for file changes with StatReloader
INFO 2025-10-05 17:34:24,027 basehttp "POST /api/auth/login/ HTTP/1.1" 200 665
ERROR 2025-10-05 17:42:43,730 views Error in moderation_history_view
Traceback (most recent call last):
  File "/home/vasu/miniconda3/envs/rag/lib/python3.11/site-packages/django/db/backends/utils.py", line 105, in _execute
    return self.cursor.execute(sql, params)
           ^^^^^^^^^^^^^^^^^^^^^^^^^^^^^^^^
  File "/home/vasu/miniconda3/envs/rag/lib/python3.11/site-packages/django/db/backends/sqlite3/base.py", line 360, in execute
    return super().execute(query, params)
           ^^^^^^^^^^^^^^^^^^^^^^^^^^^^^^
sqlite3.OperationalError: no such column: moderation_moderationresult.final_verdict

The above exception was the direct cause of the following exception:

Traceback (most recent call last):
  File "/home/vasu/repos/sem5project/moderation/views.py", line 281, in moderation_history_view
    'results': serializer.data
               ^^^^^^^^^^^^^^^
  File "/home/vasu/miniconda3/envs/rag/lib/python3.11/site-packages/rest_framework/serializers.py", line 797, in data
    ret = super().data
          ^^^^^^^^^^^^
  File "/home/vasu/miniconda3/envs/rag/lib/python3.11/site-packages/rest_framework/serializers.py", line 251, in data
    self._data = self.to_representation(self.instance)
                 ^^^^^^^^^^^^^^^^^^^^^^^^^^^^^^^^^^^^^
  File "/home/vasu/miniconda3/envs/rag/lib/python3.11/site-packages/rest_framework/serializers.py", line 715, in to_representation
    return [
           ^
  File "/home/vasu/miniconda3/envs/rag/lib/python3.11/site-packages/django/db/models/query.py", line 384, in __iter__
    self._fetch_all()
  File "/home/vasu/miniconda3/envs/rag/lib/python3.11/site-packages/django/db/models/query.py", line 1949, in _fetch_all
    self._result_cache = list(self._iterable_class(self))
                         ^^^^^^^^^^^^^^^^^^^^^^^^^^^^^^^^
  File "/home/vasu/miniconda3/envs/rag/lib/python3.11/site-packages/django/db/models/query.py", line 91, in __iter__
    results = compiler.execute_sql(
              ^^^^^^^^^^^^^^^^^^^^^
  File "/home/vasu/miniconda3/envs/rag/lib/python3.11/site-packages/django/db/models/sql/compiler.py", line 1623, in execute_sql
    cursor.execute(sql, params)
  File "/home/vasu/miniconda3/envs/rag/lib/python3.11/site-packages/django/db/backends/utils.py", line 122, in execute
    return super().execute(sql, params)
           ^^^^^^^^^^^^^^^^^^^^^^^^^^^^
  File "/home/vasu/miniconda3/envs/rag/lib/python3.11/site-packages/django/db/backends/utils.py", line 79, in execute
    return self._execute_with_wrappers(
           ^^^^^^^^^^^^^^^^^^^^^^^^^^^^
  File "/home/vasu/miniconda3/envs/rag/lib/python3.11/site-packages/django/db/backends/utils.py", line 92, in _execute_with_wrappers
    return executor(sql, params, many, context)
           ^^^^^^^^^^^^^^^^^^^^^^^^^^^^^^^^^^^^
  File "/home/vasu/miniconda3/envs/rag/lib/python3.11/site-packages/django/db/backends/utils.py", line 100, in _execute
    with self.db.wrap_database_errors:
  File "/home/vasu/miniconda3/envs/rag/lib/python3.11/site-packages/django/db/utils.py", line 91, in __exit__
    raise dj_exc_value.with_traceback(traceback) from exc_value
  File "/home/vasu/miniconda3/envs/rag/lib/python3.11/site-packages/django/db/backends/utils.py", line 105, in _execute
    return self.cursor.execute(sql, params)
           ^^^^^^^^^^^^^^^^^^^^^^^^^^^^^^^^
  File "/home/vasu/miniconda3/envs/rag/lib/python3.11/site-packages/django/db/backends/sqlite3/base.py", line 360, in execute
    return super().execute(query, params)
           ^^^^^^^^^^^^^^^^^^^^^^^^^^^^^^
django.db.utils.OperationalError: no such column: moderation_moderationresult.final_verdict
INFO 2025-10-05 17:42:43,732 basehttp "GET /api/moderation/policies/ HTTP/1.1" 200 53
ERROR 2025-10-05 17:42:43,739 log Internal Server Error: /api/moderation/history/
ERROR 2025-10-05 17:42:43,742 basehttp "GET /api/moderation/history/ HTTP/1.1" 500 69
INFO 2025-10-05 17:42:43,743 basehttp "GET /api/moderation/policies/ HTTP/1.1" 200 53
ERROR 2025-10-05 17:42:43,746 views Error in moderation_history_view
Traceback (most recent call last):
  File "/home/vasu/miniconda3/envs/rag/lib/python3.11/site-packages/django/db/backends/utils.py", line 105, in _execute
    return self.cursor.execute(sql, params)
           ^^^^^^^^^^^^^^^^^^^^^^^^^^^^^^^^
  File "/home/vasu/miniconda3/envs/rag/lib/python3.11/site-packages/django/db/backends/sqlite3/base.py", line 360, in execute
    return super().execute(query, params)
           ^^^^^^^^^^^^^^^^^^^^^^^^^^^^^^
sqlite3.OperationalError: no such column: moderation_moderationresult.final_verdict

The above exception was the direct cause of the following exception:

Traceback (most recent call last):
  File "/home/vasu/repos/sem5project/moderation/views.py", line 281, in moderation_history_view
    'results': serializer.data
               ^^^^^^^^^^^^^^^
  File "/home/vasu/miniconda3/envs/rag/lib/python3.11/site-packages/rest_framework/serializers.py", line 797, in data
    ret = super().data
          ^^^^^^^^^^^^
  File "/home/vasu/miniconda3/envs/rag/lib/python3.11/site-packages/rest_framework/serializers.py", line 251, in data
    self._data = self.to_representation(self.instance)
                 ^^^^^^^^^^^^^^^^^^^^^^^^^^^^^^^^^^^^^
  File "/home/vasu/miniconda3/envs/rag/lib/python3.11/site-packages/rest_framework/serializers.py", line 715, in to_representation
    return [
           ^
  File "/home/vasu/miniconda3/envs/rag/lib/python3.11/site-packages/django/db/models/query.py", line 384, in __iter__
    self._fetch_all()
  File "/home/vasu/miniconda3/envs/rag/lib/python3.11/site-packages/django/db/models/query.py", line 1949, in _fetch_all
    self._result_cache = list(self._iterable_class(self))
                         ^^^^^^^^^^^^^^^^^^^^^^^^^^^^^^^^
  File "/home/vasu/miniconda3/envs/rag/lib/python3.11/site-packages/django/db/models/query.py", line 91, in __iter__
    results = compiler.execute_sql(
              ^^^^^^^^^^^^^^^^^^^^^
  File "/home/vasu/miniconda3/envs/rag/lib/python3.11/site-packages/django/db/models/sql/compiler.py", line 1623, in execute_sql
    cursor.execute(sql, params)
  File "/home/vasu/miniconda3/envs/rag/lib/python3.11/site-packages/django/db/backends/utils.py", line 122, in execute
    return super().execute(sql, params)
           ^^^^^^^^^^^^^^^^^^^^^^^^^^^^
  File "/home/vasu/miniconda3/envs/rag/lib/python3.11/site-packages/django/db/backends/utils.py", line 79, in execute
    return self._execute_with_wrappers(
           ^^^^^^^^^^^^^^^^^^^^^^^^^^^^
  File "/home/vasu/miniconda3/envs/rag/lib/python3.11/site-packages/django/db/backends/utils.py", line 92, in _execute_with_wrappers
    return executor(sql, params, many, context)
           ^^^^^^^^^^^^^^^^^^^^^^^^^^^^^^^^^^^^
  File "/home/vasu/miniconda3/envs/rag/lib/python3.11/site-packages/django/db/backends/utils.py", line 100, in _execute
    with self.db.wrap_database_errors:
  File "/home/vasu/miniconda3/envs/rag/lib/python3.11/site-packages/django/db/utils.py", line 91, in __exit__
    raise dj_exc_value.with_traceback(traceback) from exc_value
  File "/home/vasu/miniconda3/envs/rag/lib/python3.11/site-packages/django/db/backends/utils.py", line 105, in _execute
    return self.cursor.execute(sql, params)
           ^^^^^^^^^^^^^^^^^^^^^^^^^^^^^^^^
  File "/home/vasu/miniconda3/envs/rag/lib/python3.11/site-packages/django/db/backends/sqlite3/base.py", line 360, in execute
    return super().execute(query, params)
           ^^^^^^^^^^^^^^^^^^^^^^^^^^^^^^
django.db.utils.OperationalError: no such column: moderation_moderationresult.final_verdict
ERROR 2025-10-05 17:42:43,748 log Internal Server Error: /api/moderation/history/
ERROR 2025-10-05 17:42:43,748 basehttp "GET /api/moderation/history/ HTTP/1.1" 500 69
ERROR 2025-10-05 17:43:05,536 views Error in moderation_history_view
Traceback (most recent call last):
  File "/home/vasu/miniconda3/envs/rag/lib/python3.11/site-packages/django/db/backends/utils.py", line 105, in _execute
    return self.cursor.execute(sql, params)
           ^^^^^^^^^^^^^^^^^^^^^^^^^^^^^^^^
  File "/home/vasu/miniconda3/envs/rag/lib/python3.11/site-packages/django/db/backends/sqlite3/base.py", line 360, in execute
    return super().execute(query, params)
           ^^^^^^^^^^^^^^^^^^^^^^^^^^^^^^
sqlite3.OperationalError: no such column: moderation_moderationresult.final_verdict

The above exception was the direct cause of the following exception:

Traceback (most recent call last):
  File "/home/vasu/repos/sem5project/moderation/views.py", line 281, in moderation_history_view
    'results': serializer.data
               ^^^^^^^^^^^^^^^
  File "/home/vasu/miniconda3/envs/rag/lib/python3.11/site-packages/rest_framework/serializers.py", line 797, in data
    ret = super().data
          ^^^^^^^^^^^^
  File "/home/vasu/miniconda3/envs/rag/lib/python3.11/site-packages/rest_framework/serializers.py", line 251, in data
    self._data = self.to_representation(self.instance)
                 ^^^^^^^^^^^^^^^^^^^^^^^^^^^^^^^^^^^^^
  File "/home/vasu/miniconda3/envs/rag/lib/python3.11/site-packages/rest_framework/serializers.py", line 715, in to_representation
    return [
           ^
  File "/home/vasu/miniconda3/envs/rag/lib/python3.11/site-packages/django/db/models/query.py", line 384, in __iter__
    self._fetch_all()
  File "/home/vasu/miniconda3/envs/rag/lib/python3.11/site-packages/django/db/models/query.py", line 1949, in _fetch_all
    self._result_cache = list(self._iterable_class(self))
                         ^^^^^^^^^^^^^^^^^^^^^^^^^^^^^^^^
  File "/home/vasu/miniconda3/envs/rag/lib/python3.11/site-packages/django/db/models/query.py", line 91, in __iter__
    results = compiler.execute_sql(
              ^^^^^^^^^^^^^^^^^^^^^
  File "/home/vasu/miniconda3/envs/rag/lib/python3.11/site-packages/django/db/models/sql/compiler.py", line 1623, in execute_sql
    cursor.execute(sql, params)
  File "/home/vasu/miniconda3/envs/rag/lib/python3.11/site-packages/django/db/backends/utils.py", line 122, in execute
    return super().execute(sql, params)
           ^^^^^^^^^^^^^^^^^^^^^^^^^^^^
  File "/home/vasu/miniconda3/envs/rag/lib/python3.11/site-packages/django/db/backends/utils.py", line 79, in execute
    return self._execute_with_wrappers(
           ^^^^^^^^^^^^^^^^^^^^^^^^^^^^
  File "/home/vasu/miniconda3/envs/rag/lib/python3.11/site-packages/django/db/backends/utils.py", line 92, in _execute_with_wrappers
    return executor(sql, params, many, context)
           ^^^^^^^^^^^^^^^^^^^^^^^^^^^^^^^^^^^^
  File "/home/vasu/miniconda3/envs/rag/lib/python3.11/site-packages/django/db/backends/utils.py", line 100, in _execute
    with self.db.wrap_database_errors:
  File "/home/vasu/miniconda3/envs/rag/lib/python3.11/site-packages/django/db/utils.py", line 91, in __exit__
    raise dj_exc_value.with_traceback(traceback) from exc_value
  File "/home/vasu/miniconda3/envs/rag/lib/python3.11/site-packages/django/db/backends/utils.py", line 105, in _execute
    return self.cursor.execute(sql, params)
           ^^^^^^^^^^^^^^^^^^^^^^^^^^^^^^^^
  File "/home/vasu/miniconda3/envs/rag/lib/python3.11/site-packages/django/db/backends/sqlite3/base.py", line 360, in execute
    return super().execute(query, params)
           ^^^^^^^^^^^^^^^^^^^^^^^^^^^^^^
django.db.utils.OperationalError: no such column: moderation_moderationresult.final_verdict
INFO 2025-10-05 17:43:05,537 basehttp "GET /api/moderation/policies/ HTTP/1.1" 200 53
ERROR 2025-10-05 17:43:05,537 log Internal Server Error: /api/moderation/history/
ERROR 2025-10-05 17:43:05,539 basehttp "GET /api/moderation/history/ HTTP/1.1" 500 69
INFO 2025-10-05 17:43:05,542 basehttp "GET /api/moderation/policies/ HTTP/1.1" 200 53
ERROR 2025-10-05 17:43:05,544 views Error in moderation_history_view
Traceback (most recent call last):
  File "/home/vasu/miniconda3/envs/rag/lib/python3.11/site-packages/django/db/backends/utils.py", line 105, in _execute
    return self.cursor.execute(sql, params)
           ^^^^^^^^^^^^^^^^^^^^^^^^^^^^^^^^
  File "/home/vasu/miniconda3/envs/rag/lib/python3.11/site-packages/django/db/backends/sqlite3/base.py", line 360, in execute
    return super().execute(query, params)
           ^^^^^^^^^^^^^^^^^^^^^^^^^^^^^^
sqlite3.OperationalError: no such column: moderation_moderationresult.final_verdict

The above exception was the direct cause of the following exception:

Traceback (most recent call last):
  File "/home/vasu/repos/sem5project/moderation/views.py", line 281, in moderation_history_view
    'results': serializer.data
               ^^^^^^^^^^^^^^^
  File "/home/vasu/miniconda3/envs/rag/lib/python3.11/site-packages/rest_framework/serializers.py", line 797, in data
    ret = super().data
          ^^^^^^^^^^^^
  File "/home/vasu/miniconda3/envs/rag/lib/python3.11/site-packages/rest_framework/serializers.py", line 251, in data
    self._data = self.to_representation(self.instance)
                 ^^^^^^^^^^^^^^^^^^^^^^^^^^^^^^^^^^^^^
  File "/home/vasu/miniconda3/envs/rag/lib/python3.11/site-packages/rest_framework/serializers.py", line 715, in to_representation
    return [
           ^
  File "/home/vasu/miniconda3/envs/rag/lib/python3.11/site-packages/django/db/models/query.py", line 384, in __iter__
    self._fetch_all()
  File "/home/vasu/miniconda3/envs/rag/lib/python3.11/site-packages/django/db/models/query.py", line 1949, in _fetch_all
    self._result_cache = list(self._iterable_class(self))
                         ^^^^^^^^^^^^^^^^^^^^^^^^^^^^^^^^
  File "/home/vasu/miniconda3/envs/rag/lib/python3.11/site-packages/django/db/models/query.py", line 91, in __iter__
    results = compiler.execute_sql(
              ^^^^^^^^^^^^^^^^^^^^^
  File "/home/vasu/miniconda3/envs/rag/lib/python3.11/site-packages/django/db/models/sql/compiler.py", line 1623, in execute_sql
    cursor.execute(sql, params)
  File "/home/vasu/miniconda3/envs/rag/lib/python3.11/site-packages/django/db/backends/utils.py", line 122, in execute
    return super().execute(sql, params)
           ^^^^^^^^^^^^^^^^^^^^^^^^^^^^
  File "/home/vasu/miniconda3/envs/rag/lib/python3.11/site-packages/django/db/backends/utils.py", line 79, in execute
    return self._execute_with_wrappers(
           ^^^^^^^^^^^^^^^^^^^^^^^^^^^^
  File "/home/vasu/miniconda3/envs/rag/lib/python3.11/site-packages/django/db/backends/utils.py", line 92, in _execute_with_wrappers
    return executor(sql, params, many, context)
           ^^^^^^^^^^^^^^^^^^^^^^^^^^^^^^^^^^^^
  File "/home/vasu/miniconda3/envs/rag/lib/python3.11/site-packages/django/db/backends/utils.py", line 100, in _execute
    with self.db.wrap_database_errors:
  File "/home/vasu/miniconda3/envs/rag/lib/python3.11/site-packages/django/db/utils.py", line 91, in __exit__
    raise dj_exc_value.with_traceback(traceback) from exc_value
  File "/home/vasu/miniconda3/envs/rag/lib/python3.11/site-packages/django/db/backends/utils.py", line 105, in _execute
    return self.cursor.execute(sql, params)
           ^^^^^^^^^^^^^^^^^^^^^^^^^^^^^^^^
  File "/home/vasu/miniconda3/envs/rag/lib/python3.11/site-packages/django/db/backends/sqlite3/base.py", line 360, in execute
    return super().execute(query, params)
           ^^^^^^^^^^^^^^^^^^^^^^^^^^^^^^
django.db.utils.OperationalError: no such column: moderation_moderationresult.final_verdict
ERROR 2025-10-05 17:43:05,545 log Internal Server Error: /api/moderation/history/
ERROR 2025-10-05 17:43:05,545 basehttp "GET /api/moderation/history/ HTTP/1.1" 500 69
INFO 2025-10-05 17:43:29,783 basehttp "POST /api/auth/logout/ HTTP/1.1" 200 31
INFO 2025-10-05 17:43:33,460 basehttp "POST /api/auth/login/ HTTP/1.1" 200 665
ERROR 2025-10-05 17:43:33,507 views Error in moderation_history_view
Traceback (most recent call last):
  File "/home/vasu/miniconda3/envs/rag/lib/python3.11/site-packages/django/db/backends/utils.py", line 105, in _execute
    return self.cursor.execute(sql, params)
           ^^^^^^^^^^^^^^^^^^^^^^^^^^^^^^^^
  File "/home/vasu/miniconda3/envs/rag/lib/python3.11/site-packages/django/db/backends/sqlite3/base.py", line 360, in execute
    return super().execute(query, params)
           ^^^^^^^^^^^^^^^^^^^^^^^^^^^^^^
sqlite3.OperationalError: no such column: moderation_moderationresult.final_verdict

The above exception was the direct cause of the following exception:

Traceback (most recent call last):
  File "/home/vasu/repos/sem5project/moderation/views.py", line 281, in moderation_history_view
    'results': serializer.data
               ^^^^^^^^^^^^^^^
  File "/home/vasu/miniconda3/envs/rag/lib/python3.11/site-packages/rest_framework/serializers.py", line 797, in data
    ret = super().data
          ^^^^^^^^^^^^
  File "/home/vasu/miniconda3/envs/rag/lib/python3.11/site-packages/rest_framework/serializers.py", line 251, in data
    self._data = self.to_representation(self.instance)
                 ^^^^^^^^^^^^^^^^^^^^^^^^^^^^^^^^^^^^^
  File "/home/vasu/miniconda3/envs/rag/lib/python3.11/site-packages/rest_framework/serializers.py", line 715, in to_representation
    return [
           ^
  File "/home/vasu/miniconda3/envs/rag/lib/python3.11/site-packages/django/db/models/query.py", line 384, in __iter__
    self._fetch_all()
  File "/home/vasu/miniconda3/envs/rag/lib/python3.11/site-packages/django/db/models/query.py", line 1949, in _fetch_all
    self._result_cache = list(self._iterable_class(self))
                         ^^^^^^^^^^^^^^^^^^^^^^^^^^^^^^^^
  File "/home/vasu/miniconda3/envs/rag/lib/python3.11/site-packages/django/db/models/query.py", line 91, in __iter__
    results = compiler.execute_sql(
              ^^^^^^^^^^^^^^^^^^^^^
  File "/home/vasu/miniconda3/envs/rag/lib/python3.11/site-packages/django/db/models/sql/compiler.py", line 1623, in execute_sql
    cursor.execute(sql, params)
  File "/home/vasu/miniconda3/envs/rag/lib/python3.11/site-packages/django/db/backends/utils.py", line 122, in execute
    return super().execute(sql, params)
           ^^^^^^^^^^^^^^^^^^^^^^^^^^^^
  File "/home/vasu/miniconda3/envs/rag/lib/python3.11/site-packages/django/db/backends/utils.py", line 79, in execute
    return self._execute_with_wrappers(
           ^^^^^^^^^^^^^^^^^^^^^^^^^^^^
  File "/home/vasu/miniconda3/envs/rag/lib/python3.11/site-packages/django/db/backends/utils.py", line 92, in _execute_with_wrappers
    return executor(sql, params, many, context)
           ^^^^^^^^^^^^^^^^^^^^^^^^^^^^^^^^^^^^
  File "/home/vasu/miniconda3/envs/rag/lib/python3.11/site-packages/django/db/backends/utils.py", line 100, in _execute
    with self.db.wrap_database_errors:
  File "/home/vasu/miniconda3/envs/rag/lib/python3.11/site-packages/django/db/utils.py", line 91, in __exit__
    raise dj_exc_value.with_traceback(traceback) from exc_value
  File "/home/vasu/miniconda3/envs/rag/lib/python3.11/site-packages/django/db/backends/utils.py", line 105, in _execute
    return self.cursor.execute(sql, params)
           ^^^^^^^^^^^^^^^^^^^^^^^^^^^^^^^^
  File "/home/vasu/miniconda3/envs/rag/lib/python3.11/site-packages/django/db/backends/sqlite3/base.py", line 360, in execute
    return super().execute(query, params)
           ^^^^^^^^^^^^^^^^^^^^^^^^^^^^^^
django.db.utils.OperationalError: no such column: moderation_moderationresult.final_verdict
INFO 2025-10-05 17:43:33,508 basehttp "GET /api/moderation/policies/ HTTP/1.1" 200 53
ERROR 2025-10-05 17:43:33,509 log Internal Server Error: /api/moderation/history/
ERROR 2025-10-05 17:43:33,510 basehttp "GET /api/moderation/history/ HTTP/1.1" 500 69
ERROR 2025-10-05 17:43:33,522 views Error in moderation_history_view
Traceback (most recent call last):
  File "/home/vasu/miniconda3/envs/rag/lib/python3.11/site-packages/django/db/backends/utils.py", line 105, in _execute
    return self.cursor.execute(sql, params)
           ^^^^^^^^^^^^^^^^^^^^^^^^^^^^^^^^
  File "/home/vasu/miniconda3/envs/rag/lib/python3.11/site-packages/django/db/backends/sqlite3/base.py", line 360, in execute
    return super().execute(query, params)
           ^^^^^^^^^^^^^^^^^^^^^^^^^^^^^^
sqlite3.OperationalError: no such column: moderation_moderationresult.final_verdict

The above exception was the direct cause of the following exception:

Traceback (most recent call last):
  File "/home/vasu/repos/sem5project/moderation/views.py", line 281, in moderation_history_view
    'results': serializer.data
               ^^^^^^^^^^^^^^^
  File "/home/vasu/miniconda3/envs/rag/lib/python3.11/site-packages/rest_framework/serializers.py", line 797, in data
    ret = super().data
          ^^^^^^^^^^^^
  File "/home/vasu/miniconda3/envs/rag/lib/python3.11/site-packages/rest_framework/serializers.py", line 251, in data
    self._data = self.to_representation(self.instance)
                 ^^^^^^^^^^^^^^^^^^^^^^^^^^^^^^^^^^^^^
  File "/home/vasu/miniconda3/envs/rag/lib/python3.11/site-packages/rest_framework/serializers.py", line 715, in to_representation
    return [
           ^
  File "/home/vasu/miniconda3/envs/rag/lib/python3.11/site-packages/django/db/models/query.py", line 384, in __iter__
    self._fetch_all()
  File "/home/vasu/miniconda3/envs/rag/lib/python3.11/site-packages/django/db/models/query.py", line 1949, in _fetch_all
    self._result_cache = list(self._iterable_class(self))
                         ^^^^^^^^^^^^^^^^^^^^^^^^^^^^^^^^
  File "/home/vasu/miniconda3/envs/rag/lib/python3.11/site-packages/django/db/models/query.py", line 91, in __iter__
    results = compiler.execute_sql(
              ^^^^^^^^^^^^^^^^^^^^^
  File "/home/vasu/miniconda3/envs/rag/lib/python3.11/site-packages/django/db/models/sql/compiler.py", line 1623, in execute_sql
    cursor.execute(sql, params)
  File "/home/vasu/miniconda3/envs/rag/lib/python3.11/site-packages/django/db/backends/utils.py", line 122, in execute
    return super().execute(sql, params)
           ^^^^^^^^^^^^^^^^^^^^^^^^^^^^
  File "/home/vasu/miniconda3/envs/rag/lib/python3.11/site-packages/django/db/backends/utils.py", line 79, in execute
    return self._execute_with_wrappers(
           ^^^^^^^^^^^^^^^^^^^^^^^^^^^^
  File "/home/vasu/miniconda3/envs/rag/lib/python3.11/site-packages/django/db/backends/utils.py", line 92, in _execute_with_wrappers
    return executor(sql, params, many, context)
           ^^^^^^^^^^^^^^^^^^^^^^^^^^^^^^^^^^^^
  File "/home/vasu/miniconda3/envs/rag/lib/python3.11/site-packages/django/db/backends/utils.py", line 100, in _execute
    with self.db.wrap_database_errors:
  File "/home/vasu/miniconda3/envs/rag/lib/python3.11/site-packages/django/db/utils.py", line 91, in __exit__
    raise dj_exc_value.with_traceback(traceback) from exc_value
  File "/home/vasu/miniconda3/envs/rag/lib/python3.11/site-packages/django/db/backends/utils.py", line 105, in _execute
    return self.cursor.execute(sql, params)
           ^^^^^^^^^^^^^^^^^^^^^^^^^^^^^^^^
  File "/home/vasu/miniconda3/envs/rag/lib/python3.11/site-packages/django/db/backends/sqlite3/base.py", line 360, in execute
    return super().execute(query, params)
           ^^^^^^^^^^^^^^^^^^^^^^^^^^^^^^
django.db.utils.OperationalError: no such column: moderation_moderationresult.final_verdict
INFO 2025-10-05 17:43:33,523 basehttp "GET /api/moderation/policies/ HTTP/1.1" 200 53
ERROR 2025-10-05 17:43:33,524 log Internal Server Error: /api/moderation/history/
ERROR 2025-10-05 17:43:33,525 basehttp "GET /api/moderation/history/ HTTP/1.1" 500 69
INFO 2025-10-05 17:43:42,630 views User admin uploading 1 policy files
INFO 2025-10-05 17:43:42,658 views Saved policy file: Hate speech not allowed.pdf
INFO 2025-10-05 17:43:42,659 policy_store Building/updating policy store with 1 files
DEBUG 2025-10-05 17:43:42,740 policy_store Loaded /home/vasu/repos/sem5project/media/policies/Hate_speech_not_allowed_lJvT7X1.pdf
INFO 2025-10-05 17:43:42,740 policy_store Split into 1 chunks
INFO 2025-10-05 17:43:46,552 SentenceTransformer Use pytorch device_name: cuda:0
INFO 2025-10-05 17:43:46,552 SentenceTransformer Load pretrained SentenceTransformer: all-MiniLM-L12-v2
INFO 2025-10-05 17:43:50,706 policy_store Creating new policy store
INFO 2025-10-05 17:43:51,213 posthog Anonymized telemetry enabled. See                     https://docs.trychroma.com/telemetry for more information.
INFO 2025-10-05 17:43:52,250 policy_store Policy store updated successfully
INFO 2025-10-05 17:43:52,251 views Policy store updated successfully
INFO 2025-10-05 17:43:52,252 basehttp "POST /api/moderation/upload-policy/ HTTP/1.1" 201 357
INFO 2025-10-05 17:43:52,263 basehttp "GET /api/moderation/policies/ HTTP/1.1" 200 257
INFO 2025-10-05 17:44:02,998 views User admin moderating file: I hate you.pdf
INFO 2025-10-05 17:44:02,999 SentenceTransformer Use pytorch device_name: cuda:0
INFO 2025-10-05 17:44:02,999 SentenceTransformer Load pretrained SentenceTransformer: all-MiniLM-L12-v2
INFO 2025-10-05 17:44:06,831 policy_store Loading existing policy store
INFO 2025-10-05 17:44:06,835 moderation_engine Starting moderation for: I hate you.pdf
INFO 2025-10-05 17:44:06,835 moderation_engine Loading PDF: I hate you.pdf
INFO 2025-10-05 17:44:06,837 moderation_engine Split I hate you.pdf into 1 chunks
INFO 2025-10-05 17:44:06,837 moderation_engine Processing 1 chunks for moderation
INFO 2025-10-05 17:44:06,837 llm Initializing RetrievalQA chain with k=3
INFO 2025-10-05 17:44:06,987 llm RetrievalQA moderation chain initialized successfully
DEBUG 2025-10-05 17:44:06,988 moderation_engine Moderating chunk 0/1: len=10
INFO 2025-10-05 17:44:07,339 _client HTTP Request: POST https://api.groq.com/openai/v1/chat/completions "HTTP/1.1 200 OK"
INFO 2025-10-05 17:44:07,351 moderation_engine Chunk 0: VIOLATION detected
INFO 2025-10-05 17:44:07,351 moderation_engine Moderation complete for I hate you.pdf: verdict=violation_found, violations=1, reviews=0, allowed=0/1
ERROR 2025-10-05 17:44:07,353 views Error in moderate_file_view
Traceback (most recent call last):
  File "/home/vasu/miniconda3/envs/rag/lib/python3.11/site-packages/django/db/backends/utils.py", line 105, in _execute
    return self.cursor.execute(sql, params)
           ^^^^^^^^^^^^^^^^^^^^^^^^^^^^^^^^
  File "/home/vasu/miniconda3/envs/rag/lib/python3.11/site-packages/django/db/backends/sqlite3/base.py", line 360, in execute
    return super().execute(query, params)
           ^^^^^^^^^^^^^^^^^^^^^^^^^^^^^^
sqlite3.OperationalError: table moderation_moderationresult has no column named final_verdict

The above exception was the direct cause of the following exception:

Traceback (most recent call last):
  File "/home/vasu/repos/sem5project/moderation/views.py", line 228, in moderate_file_view
    moderation_result = ModerationResult.objects.create(
                        ^^^^^^^^^^^^^^^^^^^^^^^^^^^^^^^^
  File "/home/vasu/miniconda3/envs/rag/lib/python3.11/site-packages/django/db/models/manager.py", line 87, in manager_method
    return getattr(self.get_queryset(), name)(*args, **kwargs)
           ^^^^^^^^^^^^^^^^^^^^^^^^^^^^^^^^^^^^^^^^^^^^^^^^^^^
  File "/home/vasu/miniconda3/envs/rag/lib/python3.11/site-packages/django/db/models/query.py", line 663, in create
    obj.save(force_insert=True, using=self.db)
  File "/home/vasu/miniconda3/envs/rag/lib/python3.11/site-packages/django/db/models/base.py", line 902, in save
    self.save_base(
  File "/home/vasu/miniconda3/envs/rag/lib/python3.11/site-packages/django/db/models/base.py", line 1008, in save_base
    updated = self._save_table(
              ^^^^^^^^^^^^^^^^^
  File "/home/vasu/miniconda3/envs/rag/lib/python3.11/site-packages/django/db/models/base.py", line 1169, in _save_table
    results = self._do_insert(
              ^^^^^^^^^^^^^^^^
  File "/home/vasu/miniconda3/envs/rag/lib/python3.11/site-packages/django/db/models/base.py", line 1210, in _do_insert
    return manager._insert(
           ^^^^^^^^^^^^^^^^
  File "/home/vasu/miniconda3/envs/rag/lib/python3.11/site-packages/django/db/models/manager.py", line 87, in manager_method
    return getattr(self.get_queryset(), name)(*args, **kwargs)
           ^^^^^^^^^^^^^^^^^^^^^^^^^^^^^^^^^^^^^^^^^^^^^^^^^^^
  File "/home/vasu/miniconda3/envs/rag/lib/python3.11/site-packages/django/db/models/query.py", line 1868, in _insert
    return query.get_compiler(using=using).execute_sql(returning_fields)
           ^^^^^^^^^^^^^^^^^^^^^^^^^^^^^^^^^^^^^^^^^^^^^^^^^^^^^^^^^^^^^
  File "/home/vasu/miniconda3/envs/rag/lib/python3.11/site-packages/django/db/models/sql/compiler.py", line 1882, in execute_sql
    cursor.execute(sql, params)
  File "/home/vasu/miniconda3/envs/rag/lib/python3.11/site-packages/django/db/backends/utils.py", line 122, in execute
    return super().execute(sql, params)
           ^^^^^^^^^^^^^^^^^^^^^^^^^^^^
  File "/home/vasu/miniconda3/envs/rag/lib/python3.11/site-packages/django/db/backends/utils.py", line 79, in execute
    return self._execute_with_wrappers(
           ^^^^^^^^^^^^^^^^^^^^^^^^^^^^
  File "/home/vasu/miniconda3/envs/rag/lib/python3.11/site-packages/django/db/backends/utils.py", line 92, in _execute_with_wrappers
    return executor(sql, params, many, context)
           ^^^^^^^^^^^^^^^^^^^^^^^^^^^^^^^^^^^^
  File "/home/vasu/miniconda3/envs/rag/lib/python3.11/site-packages/django/db/backends/utils.py", line 100, in _execute
    with self.db.wrap_database_errors:
  File "/home/vasu/miniconda3/envs/rag/lib/python3.11/site-packages/django/db/utils.py", line 91, in __exit__
    raise dj_exc_value.with_traceback(traceback) from exc_value
  File "/home/vasu/miniconda3/envs/rag/lib/python3.11/site-packages/django/db/backends/utils.py", line 105, in _execute
    return self.cursor.execute(sql, params)
           ^^^^^^^^^^^^^^^^^^^^^^^^^^^^^^^^
  File "/home/vasu/miniconda3/envs/rag/lib/python3.11/site-packages/django/db/backends/sqlite3/base.py", line 360, in execute
    return super().execute(query, params)
           ^^^^^^^^^^^^^^^^^^^^^^^^^^^^^^
django.db.utils.OperationalError: table moderation_moderationresult has no column named final_verdict
ERROR 2025-10-05 17:44:07,357 log Internal Server Error: /api/moderation/moderate/
ERROR 2025-10-05 17:44:07,358 basehttp "POST /api/moderation/moderate/ HTTP/1.1" 500 79
INFO 2025-10-05 17:46:54,074 autoreload Watching for file changes with StatReloader
INFO 2025-10-05 17:47:22,716 autoreload Watching for file changes with StatReloader
INFO 2025-10-05 17:47:30,901 basehttp "GET /api/moderation/policies/ HTTP/1.1" 200 257
INFO 2025-10-05 17:47:30,904 basehttp "GET /api/moderation/history/ HTTP/1.1" 200 829
INFO 2025-10-05 17:47:30,909 basehttp "GET /api/moderation/policies/ HTTP/1.1" 200 257
INFO 2025-10-05 17:47:30,915 basehttp "GET /api/moderation/history/ HTTP/1.1" 200 829
INFO 2025-10-05 17:47:39,642 views User admin moderating file: I hate you.pdf
INFO 2025-10-05 17:47:42,369 SentenceTransformer Use pytorch device_name: cuda:0
INFO 2025-10-05 17:47:42,370 SentenceTransformer Load pretrained SentenceTransformer: all-MiniLM-L12-v2
INFO 2025-10-05 17:47:46,566 policy_store Loading existing policy store
INFO 2025-10-05 17:47:47,005 posthog Anonymized telemetry enabled. See                     https://docs.trychroma.com/telemetry for more information.
INFO 2025-10-05 17:47:47,098 moderation_engine Starting moderation for: I hate you.pdf
INFO 2025-10-05 17:47:47,098 moderation_engine Loading PDF: I hate you.pdf
INFO 2025-10-05 17:47:47,172 moderation_engine Split I hate you.pdf into 1 chunks
INFO 2025-10-05 17:47:47,172 moderation_engine Processing 1 chunks for moderation
INFO 2025-10-05 17:47:47,172 llm Initializing RetrievalQA chain with k=3
INFO 2025-10-05 17:47:47,356 llm RetrievalQA moderation chain initialized successfully
DEBUG 2025-10-05 17:47:47,356 moderation_engine Moderating chunk 0/1: len=10
INFO 2025-10-05 17:47:48,252 _client HTTP Request: POST https://api.groq.com/openai/v1/chat/completions "HTTP/1.1 200 OK"
INFO 2025-10-05 17:47:48,266 moderation_engine Chunk 0: VIOLATION detected
INFO 2025-10-05 17:47:48,266 moderation_engine Moderation complete for I hate you.pdf: verdict=violation_found, violations=1, reviews=0, allowed=0/1
INFO 2025-10-05 17:47:48,309 views Moderation complete for I hate you.pdf: verdict=violation_found
INFO 2025-10-05 17:47:48,313 basehttp "POST /api/moderation/moderate/ HTTP/1.1" 200 755
INFO 2025-10-05 17:47:48,326 basehttp "GET /api/moderation/history/ HTTP/1.1" 200 1101
INFO 2025-10-05 17:48:15,952 basehttp "OPTIONS /api/moderation/history/5/ HTTP/1.1" 200 0
INFO 2025-10-05 17:48:15,959 basehttp "GET /api/moderation/history/5/ HTTP/1.1" 200 755
INFO 2025-10-05 17:48:16,182 basehttp "GET /api/moderation/history/5/ HTTP/1.1" 200 755
INFO 2025-10-05 17:48:24,181 basehttp "OPTIONS /api/moderation/history/4/ HTTP/1.1" 200 0
INFO 2025-10-05 17:48:24,187 basehttp "GET /api/moderation/history/4/ HTTP/1.1" 200 420
INFO 2025-10-05 17:48:26,646 basehttp "GET /media/moderation_files/Vasu_Sharma_CV.pdf HTTP/1.1" 200 101037
WARNING 2025-10-05 17:48:26,713 log Not Found: /favicon.ico
WARNING 2025-10-05 17:48:26,713 basehttp "GET /favicon.ico HTTP/1.1" 404 2688
INFO 2025-10-05 17:48:31,551 basehttp "GET /api/moderation/history/5/ HTTP/1.1" 200 755
INFO 2025-10-05 17:48:34,010 basehttp "OPTIONS /api/moderation/history/5/verdict/ HTTP/1.1" 200 0
INFO 2025-10-05 17:48:34,039 views User admin set final verdict to approved for moderation 5
INFO 2025-10-05 17:48:34,039 basehttp "POST /api/moderation/history/5/verdict/ HTTP/1.1" 200 75
INFO 2025-10-05 17:48:34,092 basehttp "GET /api/moderation/history/ HTTP/1.1" 200 1127
INFO 2025-10-05 17:48:43,478 basehttp "GET /api/moderation/history/5/ HTTP/1.1" 200 781
INFO 2025-10-05 17:48:56,127 basehttp "GET /api/moderation/policies/ HTTP/1.1" 200 257
INFO 2025-10-05 17:48:56,131 basehttp "GET /api/moderation/history/ HTTP/1.1" 200 1127
INFO 2025-10-05 17:48:56,138 basehttp "GET /api/moderation/policies/ HTTP/1.1" 200 257
INFO 2025-10-05 17:48:56,146 basehttp "GET /api/moderation/history/ HTTP/1.1" 200 1127
INFO 2025-10-05 17:49:00,762 basehttp "GET /api/moderation/history/5/ HTTP/1.1" 200 781
INFO 2025-10-05 17:49:02,508 basehttp "GET /api/moderation/history/4/ HTTP/1.1" 200 420
INFO 2025-10-05 17:49:04,953 basehttp "GET /api/moderation/history/4/ HTTP/1.1" 200 420
INFO 2025-10-05 17:49:10,346 basehttp "GET /api/moderation/history/4/ HTTP/1.1" 200 420
INFO 2025-10-05 17:49:11,399 basehttp "GET /api/moderation/history/5/ HTTP/1.1" 200 781
INFO 2025-10-05 17:49:12,025 basehttp "GET /api/moderation/history/5/ HTTP/1.1" 200 781
INFO 2025-10-05 17:49:18,177 basehttp "GET /api/moderation/history/5/ HTTP/1.1" 200 781
INFO 2025-10-05 17:49:21,669 basehttp "GET /api/moderation/history/4/ HTTP/1.1" 200 420
INFO 2025-10-05 17:50:54,805 basehttp "GET /api/moderation/policies/ HTTP/1.1" 200 257
INFO 2025-10-05 17:50:54,811 basehttp "GET /api/moderation/history/ HTTP/1.1" 200 1127
INFO 2025-10-05 17:50:54,816 basehttp "GET /api/moderation/policies/ HTTP/1.1" 200 257
INFO 2025-10-05 17:50:54,822 basehttp "GET /api/moderation/history/ HTTP/1.1" 200 1127
INFO 2025-10-05 17:51:02,654 policy_store Clearing policy store
INFO 2025-10-05 17:51:02,654 policy_store Policy store directory removed
INFO 2025-10-05 17:51:02,655 policy_store Policy store cleared successfully
INFO 2025-10-05 17:51:02,655 views User admin cleared 1 policies and reset policy store
INFO 2025-10-05 17:51:02,656 basehttp "POST /api/moderation/clear-policies/ HTTP/1.1" 200 67
INFO 2025-10-05 17:51:02,663 basehttp "GET /api/moderation/policies/ HTTP/1.1" 200 53
INFO 2025-10-05 17:51:10,361 basehttp "GET /api/moderation/history/4/ HTTP/1.1" 200 420
INFO 2025-10-05 17:51:10,856 basehttp "GET /api/moderation/history/4/ HTTP/1.1" 200 420
INFO 2025-10-05 17:51:12,206 basehttp "GET /api/moderation/history/4/ HTTP/1.1" 200 420
INFO 2025-10-05 17:51:12,606 basehttp "GET /api/moderation/history/4/ HTTP/1.1" 200 420
INFO 2025-10-05 17:51:13,037 basehttp "GET /api/moderation/history/4/ HTTP/1.1" 200 420
INFO 2025-10-05 17:51:15,090 basehttp "OPTIONS /api/moderation/history/2/ HTTP/1.1" 200 0
INFO 2025-10-05 17:51:15,096 basehttp "GET /api/moderation/history/2/ HTTP/1.1" 200 829
INFO 2025-10-05 17:51:18,687 basehttp "GET /media/moderation_files/I_hate_you_AjdZnkI.pdf HTTP/1.1" 200 31424
INFO 2025-10-05 17:51:29,875 basehttp "OPTIONS /api/moderation/history/3/ HTTP/1.1" 200 0
INFO 2025-10-05 17:51:29,880 basehttp "GET /api/moderation/history/3/ HTTP/1.1" 200 426
INFO 2025-10-05 17:51:33,932 basehttp "GET /api/moderation/history/3/ HTTP/1.1" 200 426
INFO 2025-10-05 17:51:34,638 basehttp "GET /api/moderation/history/3/ HTTP/1.1" 200 426
INFO 2025-10-05 17:51:36,030 basehttp "OPTIONS /api/moderation/history/3/verdict/ HTTP/1.1" 200 0
INFO 2025-10-05 17:51:36,076 views User admin set final verdict to rejected for moderation 3
INFO 2025-10-05 17:51:36,076 basehttp "POST /api/moderation/history/3/verdict/ HTTP/1.1" 200 75
INFO 2025-10-05 17:51:36,126 basehttp "GET /api/moderation/history/ HTTP/1.1" 200 1153
INFO 2025-10-05 17:52:09,790 basehttp "GET /api/moderation/history/5/ HTTP/1.1" 200 781
INFO 2025-10-05 17:52:13,252 basehttp "GET /api/moderation/history/5/ HTTP/1.1" 200 781
INFO 2025-10-05 17:52:13,484 basehttp "GET /api/moderation/history/5/ HTTP/1.1" 200 781
INFO 2025-10-05 17:52:13,962 basehttp "GET /api/moderation/history/5/ HTTP/1.1" 200 781
INFO 2025-10-05 17:52:14,353 basehttp "GET /api/moderation/history/5/ HTTP/1.1" 200 781
INFO 2025-10-05 17:52:16,320 basehttp "GET /api/moderation/history/5/ HTTP/1.1" 200 781
INFO 2025-10-05 17:53:54,526 basehttp "GET /api/moderation/history/5/ HTTP/1.1" 200 781
INFO 2025-10-05 17:53:56,453 basehttp "GET /api/moderation/history/5/ HTTP/1.1" 200 781
INFO 2025-10-05 17:53:56,691 basehttp "GET /api/moderation/history/5/ HTTP/1.1" 200 781
INFO 2025-10-05 17:53:56,890 basehttp "GET /api/moderation/history/5/ HTTP/1.1" 200 781
INFO 2025-10-05 17:53:57,155 basehttp "GET /api/moderation/history/5/ HTTP/1.1" 200 781
INFO 2025-10-05 17:53:57,379 basehttp "GET /api/moderation/history/5/ HTTP/1.1" 200 781
INFO 2025-10-05 17:54:46,758 basehttp "GET /api/moderation/history/5/ HTTP/1.1" 200 781
INFO 2025-10-05 17:54:50,056 basehttp "GET /api/moderation/history/5/ HTTP/1.1" 200 781
INFO 2025-10-05 17:58:11,572 basehttp "POST /api/auth/logout/ HTTP/1.1" 200 31
INFO 2025-10-05 17:58:16,748 basehttp "POST /api/auth/login/ HTTP/1.1" 200 665
INFO 2025-10-05 17:58:16,782 basehttp "GET /api/moderation/policies/ HTTP/1.1" 200 53
INFO 2025-10-05 17:58:16,791 basehttp "GET /api/moderation/history/ HTTP/1.1" 200 1153
INFO 2025-10-05 17:58:16,804 basehttp "GET /api/moderation/history/ HTTP/1.1" 200 1153
INFO 2025-10-05 17:58:16,829 basehttp "GET /api/moderation/policies/ HTTP/1.1" 200 53
INFO 2025-10-05 17:58:31,710 basehttp "GET /api/moderation/history/3/ HTTP/1.1" 200 452
INFO 2025-10-05 17:58:35,066 basehttp "GET /api/moderation/history/2/ HTTP/1.1" 200 829
INFO 2025-10-05 17:59:23,581 basehttp "GET /api/moderation/history/4/ HTTP/1.1" 200 420
INFO 2025-10-05 17:59:24,765 basehttp "OPTIONS /api/moderation/history/4/verdict/ HTTP/1.1" 200 0
INFO 2025-10-05 17:59:24,793 views User admin set final verdict to approved for moderation 4
INFO 2025-10-05 17:59:24,794 basehttp "POST /api/moderation/history/4/verdict/ HTTP/1.1" 200 75
INFO 2025-10-05 17:59:24,847 basehttp "GET /api/moderation/history/ HTTP/1.1" 200 1179
INFO 2025-10-05 17:59:26,005 basehttp "GET /api/moderation/history/2/ HTTP/1.1" 200 829
INFO 2025-10-05 17:59:27,442 basehttp "OPTIONS /api/moderation/history/2/verdict/ HTTP/1.1" 200 0
INFO 2025-10-05 17:59:27,469 views User admin set final verdict to approved for moderation 2
INFO 2025-10-05 17:59:27,470 basehttp "POST /api/moderation/history/2/verdict/ HTTP/1.1" 200 75
INFO 2025-10-05 17:59:27,522 basehttp "GET /api/moderation/history/ HTTP/1.1" 200 1205
INFO 2025-10-05 17:59:31,314 basehttp "GET /api/moderation/history/3/ HTTP/1.1" 200 452
INFO 2025-10-05 17:59:32,751 basehttp "GET /api/moderation/history/3/ HTTP/1.1" 200 452
INFO 2025-10-05 17:59:33,536 basehttp "GET /api/moderation/history/3/ HTTP/1.1" 200 452
INFO 2025-10-05 17:59:33,885 basehttp "GET /api/moderation/history/3/ HTTP/1.1" 200 452
INFO 2025-10-05 17:59:34,308 basehttp "GET /api/moderation/history/3/ HTTP/1.1" 200 452
WARNING 2025-10-05 18:30:31,151 log Not Found: /
INFO 2025-10-06 07:37:16,465 autoreload Watching for file changes with StatReloader
INFO 2025-10-06 07:37:39,509 basehttp "OPTIONS /api/auth/login/ HTTP/1.1" 200 0
WARNING 2025-10-06 07:37:39,520 log Unauthorized: /api/auth/login/
WARNING 2025-10-06 07:37:39,521 basehttp "POST /api/auth/login/ HTTP/1.1" 401 172
INFO 2025-10-06 07:37:39,567 basehttp "OPTIONS /api/auth/refresh/ HTTP/1.1" 200 0
INFO 2025-10-06 07:37:39,651 basehttp "POST /api/auth/refresh/ HTTP/1.1" 200 489
INFO 2025-10-06 07:37:39,939 basehttp "POST /api/auth/login/ HTTP/1.1" 200 665
INFO 2025-10-06 07:37:40,014 basehttp "OPTIONS /api/moderation/policies/ HTTP/1.1" 200 0
INFO 2025-10-06 07:37:40,020 basehttp "OPTIONS /api/moderation/policies/ HTTP/1.1" 200 0
INFO 2025-10-06 07:37:40,025 basehttp "OPTIONS /api/moderation/history/ HTTP/1.1" 200 0
INFO 2025-10-06 07:37:40,027 basehttp "OPTIONS /api/moderation/history/ HTTP/1.1" 200 0
INFO 2025-10-06 07:37:40,033 basehttp "GET /api/moderation/policies/ HTTP/1.1" 200 53
INFO 2025-10-06 07:37:40,044 basehttp "GET /api/moderation/history/ HTTP/1.1" 200 1205
INFO 2025-10-06 07:37:40,081 basehttp "GET /api/moderation/policies/ HTTP/1.1" 200 53
INFO 2025-10-06 07:37:40,098 basehttp "GET /api/moderation/history/ HTTP/1.1" 200 1205
INFO 2025-10-06 07:37:43,803 basehttp "OPTIONS /api/moderation/history/4/ HTTP/1.1" 200 0
INFO 2025-10-06 07:37:43,808 basehttp "GET /api/moderation/history/4/ HTTP/1.1" 200 446
INFO 2025-10-06 07:37:45,144 basehttp "GET /api/moderation/history/4/ HTTP/1.1" 200 446
INFO 2025-10-06 07:37:45,410 basehttp "GET /api/moderation/history/4/ HTTP/1.1" 200 446
INFO 2025-10-06 07:37:45,829 basehttp "GET /api/moderation/history/4/ HTTP/1.1" 200 446
INFO 2025-10-06 07:37:47,572 basehttp "OPTIONS /api/moderation/history/5/ HTTP/1.1" 200 0
INFO 2025-10-06 07:37:47,578 basehttp "GET /api/moderation/history/5/ HTTP/1.1" 200 781
INFO 2025-10-06 07:37:48,310 basehttp "GET /api/moderation/history/5/ HTTP/1.1" 200 781
INFO 2025-10-06 07:37:52,369 basehttp "GET /api/moderation/history/5/ HTTP/1.1" 200 781
INFO 2025-10-06 07:37:59,757 basehttp "GET /api/moderation/history/4/ HTTP/1.1" 200 446
INFO 2025-10-06 07:38:00,157 basehttp "GET /api/moderation/history/4/ HTTP/1.1" 200 446
INFO 2025-10-06 07:38:00,681 basehttp "OPTIONS /api/moderation/history/3/ HTTP/1.1" 200 0
INFO 2025-10-06 07:38:00,686 basehttp "GET /api/moderation/history/3/ HTTP/1.1" 200 452
INFO 2025-10-06 07:38:01,546 basehttp "GET /api/moderation/history/3/ HTTP/1.1" 200 452
INFO 2025-10-06 07:38:02,392 basehttp "OPTIONS /api/moderation/history/2/ HTTP/1.1" 200 0
INFO 2025-10-06 07:38:02,397 basehttp "GET /api/moderation/history/2/ HTTP/1.1" 200 855
INFO 2025-10-06 07:38:06,358 basehttp "GET /api/moderation/history/5/ HTTP/1.1" 200 781
INFO 2025-10-06 07:38:18,388 basehttp "GET /api/moderation/history/5/ HTTP/1.1" 200 781
INFO 2025-10-06 07:38:18,833 basehttp "GET /api/moderation/history/5/ HTTP/1.1" 200 781
INFO 2025-10-06 07:38:19,238 basehttp "GET /api/moderation/history/5/ HTTP/1.1" 200 781
INFO 2025-10-06 07:38:28,299 basehttp "GET /api/moderation/history/4/ HTTP/1.1" 200 446
INFO 2025-10-06 07:38:29,975 basehttp "GET /api/moderation/history/5/ HTTP/1.1" 200 781
INFO 2025-10-06 09:16:13,796 autoreload Watching for file changes with StatReloader
INFO 2025-10-06 09:16:36,690 basehttp "OPTIONS /api/auth/login/ HTTP/1.1" 200 0
WARNING 2025-10-06 09:16:36,705 log Unauthorized: /api/auth/login/
WARNING 2025-10-06 09:16:36,705 basehttp "POST /api/auth/login/ HTTP/1.1" 401 172
INFO 2025-10-06 09:16:36,752 basehttp "OPTIONS /api/auth/refresh/ HTTP/1.1" 200 0
INFO 2025-10-06 09:16:36,845 basehttp "POST /api/auth/refresh/ HTTP/1.1" 200 489
INFO 2025-10-06 09:16:37,131 basehttp "POST /api/auth/login/ HTTP/1.1" 200 665
INFO 2025-10-06 09:16:37,208 basehttp "OPTIONS /api/moderation/policies/ HTTP/1.1" 200 0
INFO 2025-10-06 09:16:37,213 basehttp "OPTIONS /api/moderation/history/ HTTP/1.1" 200 0
INFO 2025-10-06 09:16:37,213 basehttp "OPTIONS /api/moderation/policies/ HTTP/1.1" 200 0
INFO 2025-10-06 09:16:37,215 basehttp "OPTIONS /api/moderation/history/ HTTP/1.1" 200 0
INFO 2025-10-06 09:16:37,225 basehttp "GET /api/moderation/policies/ HTTP/1.1" 200 53
INFO 2025-10-06 09:16:37,233 basehttp "GET /api/moderation/history/ HTTP/1.1" 200 1205
INFO 2025-10-06 09:16:37,272 basehttp "GET /api/moderation/policies/ HTTP/1.1" 200 53
INFO 2025-10-06 09:16:37,287 basehttp "GET /api/moderation/history/ HTTP/1.1" 200 1205
INFO 2025-10-06 09:16:45,333 basehttp "OPTIONS /api/moderation/history/3/ HTTP/1.1" 200 0
INFO 2025-10-06 09:16:45,341 basehttp "GET /api/moderation/history/3/ HTTP/1.1" 200 452
INFO 2025-10-06 09:16:46,034 basehttp "GET /api/moderation/history/3/ HTTP/1.1" 200 452
INFO 2025-10-06 09:16:46,582 basehttp "GET /api/moderation/history/3/ HTTP/1.1" 200 452
INFO 2025-10-06 09:16:48,678 basehttp "OPTIONS /api/moderation/history/5/ HTTP/1.1" 200 0
INFO 2025-10-06 09:16:48,683 basehttp "GET /api/moderation/history/5/ HTTP/1.1" 200 781
INFO 2025-10-06 09:16:49,018 basehttp "GET /api/moderation/history/5/ HTTP/1.1" 200 781
INFO 2025-10-06 09:16:50,560 basehttp "OPTIONS /api/moderation/history/4/ HTTP/1.1" 200 0
INFO 2025-10-06 09:16:50,566 basehttp "GET /api/moderation/history/4/ HTTP/1.1" 200 446
INFO 2025-10-06 09:17:00,016 basehttp "OPTIONS /api/moderation/history/2/ HTTP/1.1" 200 0
INFO 2025-10-06 09:17:00,022 basehttp "GET /api/moderation/history/2/ HTTP/1.1" 200 855
INFO 2025-10-06 14:28:00,865 autoreload Watching for file changes with StatReloader
INFO 2025-10-06 14:28:25,274 basehttp "OPTIONS /api/auth/login/ HTTP/1.1" 200 0
WARNING 2025-10-06 14:28:25,284 log Unauthorized: /api/auth/login/
WARNING 2025-10-06 14:28:25,284 basehttp "POST /api/auth/login/ HTTP/1.1" 401 172
INFO 2025-10-06 14:28:25,330 basehttp "OPTIONS /api/auth/refresh/ HTTP/1.1" 200 0
INFO 2025-10-06 14:28:25,410 basehttp "POST /api/auth/refresh/ HTTP/1.1" 200 489
WARNING 2025-10-06 14:28:25,658 log Unauthorized: /api/auth/login/
WARNING 2025-10-06 14:28:25,659 basehttp "POST /api/auth/login/ HTTP/1.1" 401 31
INFO 2025-10-06 14:28:32,434 basehttp "POST /api/auth/login/ HTTP/1.1" 200 665
INFO 2025-10-06 14:28:32,462 basehttp "OPTIONS /api/moderation/policies/ HTTP/1.1" 200 0
INFO 2025-10-06 14:28:32,465 basehttp "OPTIONS /api/moderation/history/ HTTP/1.1" 200 0
INFO 2025-10-06 14:28:32,466 basehttp "OPTIONS /api/moderation/policies/ HTTP/1.1" 200 0
INFO 2025-10-06 14:28:32,473 basehttp "OPTIONS /api/moderation/history/ HTTP/1.1" 200 0
INFO 2025-10-06 14:28:32,477 basehttp "GET /api/moderation/policies/ HTTP/1.1" 200 53
INFO 2025-10-06 14:28:32,484 basehttp "GET /api/moderation/history/ HTTP/1.1" 200 1205
INFO 2025-10-06 14:28:32,527 basehttp "GET /api/moderation/policies/ HTTP/1.1" 200 53
INFO 2025-10-06 14:28:32,536 basehttp "GET /api/moderation/history/ HTTP/1.1" 200 1205
INFO 2025-10-06 14:34:18,375 basehttp "OPTIONS /api/moderation/upload-policy/ HTTP/1.1" 200 0
INFO 2025-10-06 14:34:18,421 views User admin uploading 1 policy files
INFO 2025-10-06 14:34:18,437 views Saved policy file: Policy Name.pdf
INFO 2025-10-06 14:34:18,437 policy_store Building/updating policy store with 1 files
DEBUG 2025-10-06 14:34:18,527 policy_store Loaded /home/vasu/repos/sem5project/media/policies/Policy_Name.pdf
INFO 2025-10-06 14:34:18,528 policy_store Split into 1 chunks
INFO 2025-10-06 14:34:21,829 SentenceTransformer Use pytorch device_name: cuda:0
INFO 2025-10-06 14:34:21,829 SentenceTransformer Load pretrained SentenceTransformer: all-MiniLM-L12-v2
INFO 2025-10-06 14:34:28,535 policy_store Creating new policy store
INFO 2025-10-06 14:34:28,931 posthog Anonymized telemetry enabled. See                     https://docs.trychroma.com/telemetry for more information.
INFO 2025-10-06 14:34:29,781 policy_store Policy store updated successfully
INFO 2025-10-06 14:34:29,781 views Policy store updated successfully
INFO 2025-10-06 14:34:29,783 basehttp "POST /api/moderation/upload-policy/ HTTP/1.1" 201 325
INFO 2025-10-06 14:34:29,834 basehttp "GET /api/moderation/policies/ HTTP/1.1" 200 225
INFO 2025-10-06 14:34:39,618 basehttp "OPTIONS /api/moderation/moderate/ HTTP/1.1" 200 0
INFO 2025-10-06 14:34:39,661 views User admin moderating file: People from that community are nothing but criminals.pdf
INFO 2025-10-06 14:34:39,662 SentenceTransformer Use pytorch device_name: cuda:0
INFO 2025-10-06 14:34:39,662 SentenceTransformer Load pretrained SentenceTransformer: all-MiniLM-L12-v2
INFO 2025-10-06 14:34:42,985 policy_store Loading existing policy store
INFO 2025-10-06 14:34:42,988 moderation_engine Starting moderation for: People from that community are nothing but criminals.pdf
INFO 2025-10-06 14:34:42,989 moderation_engine Loading PDF: People from that community are nothing but criminals.pdf
INFO 2025-10-06 14:34:42,993 moderation_engine Split People from that community are nothing but criminals.pdf into 1 chunks
INFO 2025-10-06 14:34:42,994 moderation_engine Processing 1 chunks for moderation
INFO 2025-10-06 14:34:42,994 llm Initializing RetrievalQA chain with k=3
INFO 2025-10-06 14:34:43,154 llm RetrievalQA moderation chain initialized successfully
DEBUG 2025-10-06 14:34:43,154 moderation_engine Moderating chunk 0/1: len=138
INFO 2025-10-06 14:34:43,534 _client HTTP Request: POST https://api.groq.com/openai/v1/chat/completions "HTTP/1.1 200 OK"
INFO 2025-10-06 14:34:43,550 moderation_engine Chunk 0: VIOLATION detected
INFO 2025-10-06 14:34:43,550 moderation_engine Moderation complete for People from that community are nothing but criminals.pdf: verdict=violation_found, violations=1, reviews=0, allowed=0/1
INFO 2025-10-06 14:34:43,580 views Moderation complete for People from that community are nothing but criminals.pdf: verdict=violation_found
INFO 2025-10-06 14:34:43,583 basehttp "POST /api/moderation/moderate/ HTTP/1.1" 200 1192
INFO 2025-10-06 14:34:43,633 basehttp "GET /api/moderation/history/ HTTP/1.1" 200 1519
INFO 2025-10-06 14:34:55,861 basehttp "OPTIONS /api/moderation/history/6/ HTTP/1.1" 200 0
INFO 2025-10-06 14:34:55,866 basehttp "GET /api/moderation/history/6/ HTTP/1.1" 200 1192
INFO 2025-10-06 14:34:58,053 basehttp "GET /media/moderation_files/People_from_that_community_are_nothing_but_criminals.pdf HTTP/1.1" 200 44347
WARNING 2025-10-06 14:34:58,117 log Not Found: /favicon.ico
WARNING 2025-10-06 14:34:58,117 basehttp "GET /favicon.ico HTTP/1.1" 404 2688
INFO 2025-10-06 14:35:28,343 views User admin moderating file: The way the actor posed in that scene was incredibly SEXY.pdf
INFO 2025-10-06 14:35:28,345 SentenceTransformer Use pytorch device_name: cuda:0
INFO 2025-10-06 14:35:28,346 SentenceTransformer Load pretrained SentenceTransformer: all-MiniLM-L12-v2
INFO 2025-10-06 14:35:31,432 policy_store Loading existing policy store
INFO 2025-10-06 14:35:31,437 moderation_engine Starting moderation for: The way the actor posed in that scene was incredibly SEXY.pdf
INFO 2025-10-06 14:35:31,437 moderation_engine Loading PDF: The way the actor posed in that scene was incredibly SEXY.pdf
INFO 2025-10-06 14:35:31,442 moderation_engine Split The way the actor posed in that scene was incredibly SEXY.pdf into 1 chunks
INFO 2025-10-06 14:35:31,443 moderation_engine Processing 1 chunks for moderation
INFO 2025-10-06 14:35:31,443 llm Initializing RetrievalQA chain with k=3
INFO 2025-10-06 14:35:31,482 llm RetrievalQA moderation chain initialized successfully
DEBUG 2025-10-06 14:35:31,482 moderation_engine Moderating chunk 0/1: len=304
INFO 2025-10-06 14:35:32,049 _client HTTP Request: POST https://api.groq.com/openai/v1/chat/completions "HTTP/1.1 200 OK"
DEBUG 2025-10-06 14:35:32,050 moderation_engine Chunk 0: OK
INFO 2025-10-06 14:35:32,051 moderation_engine Moderation complete for The way the actor posed in that scene was incredibly SEXY.pdf: verdict=clean, violations=0, reviews=0, allowed=1/1
INFO 2025-10-06 14:35:32,076 views Moderation complete for The way the actor posed in that scene was incredibly SEXY.pdf: verdict=clean
INFO 2025-10-06 14:35:32,078 basehttp "POST /api/moderation/moderate/ HTTP/1.1" 200 549
INFO 2025-10-06 14:35:32,094 basehttp "GET /api/moderation/history/ HTTP/1.1" 200 1828
INFO 2025-10-06 14:35:42,750 basehttp "OPTIONS /api/moderation/history/7/ HTTP/1.1" 200 0
INFO 2025-10-06 14:35:42,757 basehttp "GET /api/moderation/history/7/ HTTP/1.1" 200 549
INFO 2025-10-06 14:35:57,448 views User admin moderating file: I.pdf
INFO 2025-10-06 14:35:57,450 SentenceTransformer Use pytorch device_name: cuda:0
INFO 2025-10-06 14:35:57,450 SentenceTransformer Load pretrained SentenceTransformer: all-MiniLM-L12-v2
INFO 2025-10-06 14:36:00,633 policy_store Loading existing policy store
INFO 2025-10-06 14:36:00,637 moderation_engine Starting moderation for: I.pdf
INFO 2025-10-06 14:36:00,637 moderation_engine Loading PDF: I.pdf
INFO 2025-10-06 14:36:00,640 moderation_engine Split I.pdf into 1 chunks
INFO 2025-10-06 14:36:00,640 moderation_engine Processing 1 chunks for moderation
INFO 2025-10-06 14:36:00,640 llm Initializing RetrievalQA chain with k=3
INFO 2025-10-06 14:36:00,677 llm RetrievalQA moderation chain initialized successfully
DEBUG 2025-10-06 14:36:00,678 moderation_engine Moderating chunk 0/1: len=201
INFO 2025-10-06 14:36:01,113 _client HTTP Request: POST https://api.groq.com/openai/v1/chat/completions "HTTP/1.1 200 OK"
INFO 2025-10-06 14:36:01,114 moderation_engine Chunk 0: VIOLATION detected
INFO 2025-10-06 14:36:01,115 moderation_engine Moderation complete for I.pdf: verdict=violation_found, violations=1, reviews=0, allowed=0/1
INFO 2025-10-06 14:36:01,143 views Moderation complete for I.pdf: verdict=violation_found
INFO 2025-10-06 14:36:01,145 basehttp "POST /api/moderation/moderate/ HTTP/1.1" 200 1167
INFO 2025-10-06 14:36:01,158 basehttp "GET /api/moderation/history/ HTTP/1.1" 200 2091
INFO 2025-10-06 14:37:06,249 autoreload /home/vasu/repos/sem5project/moderation/modules/llm.py changed, reloading.
INFO 2025-10-06 14:37:08,481 autoreload Watching for file changes with StatReloader
INFO 2025-10-06 14:37:29,623 views User admin moderating file: I.pdf
INFO 2025-10-06 14:37:32,138 SentenceTransformer Use pytorch device_name: cuda:0
INFO 2025-10-06 14:37:32,139 SentenceTransformer Load pretrained SentenceTransformer: all-MiniLM-L12-v2
INFO 2025-10-06 14:37:35,502 policy_store Loading existing policy store
INFO 2025-10-06 14:37:35,751 posthog Anonymized telemetry enabled. See                     https://docs.trychroma.com/telemetry for more information.
INFO 2025-10-06 14:37:35,833 moderation_engine Starting moderation for: I.pdf
INFO 2025-10-06 14:37:35,833 moderation_engine Loading PDF: I.pdf
INFO 2025-10-06 14:37:35,896 moderation_engine Split I.pdf into 1 chunks
INFO 2025-10-06 14:37:35,896 moderation_engine Processing 1 chunks for moderation
INFO 2025-10-06 14:37:35,896 llm Initializing RetrievalQA chain with k=3
INFO 2025-10-06 14:37:36,232 llm RetrievalQA moderation chain initialized successfully
DEBUG 2025-10-06 14:37:36,232 moderation_engine Moderating chunk 0/1: len=201
INFO 2025-10-06 14:37:37,002 _client HTTP Request: POST https://api.groq.com/openai/v1/chat/completions "HTTP/1.1 200 OK"
INFO 2025-10-06 14:37:37,017 moderation_engine Chunk 0: REVIEW required
INFO 2025-10-06 14:37:37,017 moderation_engine Moderation complete for I.pdf: verdict=violation_found, violations=0, reviews=1, allowed=0/1
INFO 2025-10-06 14:37:37,049 views Moderation complete for I.pdf: verdict=violation_found
INFO 2025-10-06 14:37:37,053 basehttp "POST /api/moderation/moderate/ HTTP/1.1" 200 1158
INFO 2025-10-06 14:37:37,066 basehttp "GET /api/moderation/history/ HTTP/1.1" 200 2354
INFO 2025-10-06 14:37:49,707 basehttp "OPTIONS /api/moderation/history/9/ HTTP/1.1" 200 0
INFO 2025-10-06 14:37:49,723 basehttp "GET /api/moderation/history/9/ HTTP/1.1" 200 1158
INFO 2025-10-06 14:38:06,391 basehttp "OPTIONS /api/moderation/history/9/verdict/ HTTP/1.1" 200 0
INFO 2025-10-06 14:38:06,423 views User admin set final verdict to approved for moderation 9
INFO 2025-10-06 14:38:06,423 basehttp "POST /api/moderation/history/9/verdict/ HTTP/1.1" 200 75
INFO 2025-10-06 14:38:06,482 basehttp "GET /api/moderation/history/ HTTP/1.1" 200 2380
INFO 2025-10-06 14:38:53,666 views User admin uploading 1 policy files
INFO 2025-10-06 14:38:53,691 views Saved policy file: Sexual content or pervert comments not allowed.pdf
INFO 2025-10-06 14:38:53,691 policy_store Building/updating policy store with 1 files
DEBUG 2025-10-06 14:38:53,694 policy_store Loaded /home/vasu/repos/sem5project/media/policies/Sexual_content_or_pervert_comments_not_allowed.pdf
INFO 2025-10-06 14:38:53,695 policy_store Split into 1 chunks
INFO 2025-10-06 14:38:53,696 SentenceTransformer Use pytorch device_name: cuda:0
INFO 2025-10-06 14:38:53,696 SentenceTransformer Load pretrained SentenceTransformer: all-MiniLM-L12-v2
INFO 2025-10-06 14:38:56,638 policy_store Updating existing policy store
INFO 2025-10-06 14:38:56,858 policy_store Policy store updated successfully
INFO 2025-10-06 14:38:56,859 views Policy store updated successfully
INFO 2025-10-06 14:38:56,860 basehttp "POST /api/moderation/upload-policy/ HTTP/1.1" 201 395
INFO 2025-10-06 14:38:56,867 basehttp "GET /api/moderation/policies/ HTTP/1.1" 200 469
INFO 2025-10-06 14:39:02,442 views User admin moderating file: The way the actor posed in that scene was incredibly SEXY.pdf
INFO 2025-10-06 14:39:02,443 SentenceTransformer Use pytorch device_name: cuda:0
INFO 2025-10-06 14:39:02,443 SentenceTransformer Load pretrained SentenceTransformer: all-MiniLM-L12-v2
INFO 2025-10-06 14:39:05,652 policy_store Loading existing policy store
INFO 2025-10-06 14:39:05,656 moderation_engine Starting moderation for: The way the actor posed in that scene was incredibly SEXY.pdf
INFO 2025-10-06 14:39:05,656 moderation_engine Loading PDF: The way the actor posed in that scene was incredibly SEXY.pdf
INFO 2025-10-06 14:39:05,660 moderation_engine Split The way the actor posed in that scene was incredibly SEXY.pdf into 1 chunks
INFO 2025-10-06 14:39:05,660 moderation_engine Processing 1 chunks for moderation
INFO 2025-10-06 14:39:05,660 llm Initializing RetrievalQA chain with k=3
INFO 2025-10-06 14:39:05,696 llm RetrievalQA moderation chain initialized successfully
DEBUG 2025-10-06 14:39:05,697 moderation_engine Moderating chunk 0/1: len=304
INFO 2025-10-06 14:39:06,115 _client HTTP Request: POST https://api.groq.com/openai/v1/chat/completions "HTTP/1.1 200 OK"
INFO 2025-10-06 14:39:06,116 moderation_engine Chunk 0: REVIEW required
INFO 2025-10-06 14:39:06,116 moderation_engine Moderation complete for The way the actor posed in that scene was incredibly SEXY.pdf: verdict=violation_found, violations=0, reviews=1, allowed=0/1
INFO 2025-10-06 14:39:06,146 views Moderation complete for The way the actor posed in that scene was incredibly SEXY.pdf: verdict=violation_found
INFO 2025-10-06 14:39:06,148 basehttp "POST /api/moderation/moderate/ HTTP/1.1" 200 1495
INFO 2025-10-06 14:39:06,163 basehttp "GET /api/moderation/history/ HTTP/1.1" 200 2700
INFO 2025-10-06 14:39:25,740 basehttp "OPTIONS /api/moderation/history/10/ HTTP/1.1" 200 0
INFO 2025-10-06 14:39:25,745 basehttp "GET /api/moderation/history/10/ HTTP/1.1" 200 1495
INFO 2025-10-06 14:39:26,536 basehttp "GET /api/moderation/history/10/ HTTP/1.1" 200 1495
INFO 2025-10-06 14:39:27,022 basehttp "GET /api/moderation/history/10/ HTTP/1.1" 200 1495
INFO 2025-10-06 14:39:39,708 basehttp "OPTIONS /api/moderation/history/10/verdict/ HTTP/1.1" 200 0
INFO 2025-10-06 14:39:39,736 views User admin set final verdict to rejected for moderation 10
INFO 2025-10-06 14:39:39,736 basehttp "POST /api/moderation/history/10/verdict/ HTTP/1.1" 200 75
INFO 2025-10-06 14:39:39,792 basehttp "GET /api/moderation/history/ HTTP/1.1" 200 2726
INFO 2025-10-06 14:39:44,089 basehttp "GET /api/moderation/history/10/ HTTP/1.1" 200 1521
INFO 2025-10-06 14:39:45,351 basehttp "OPTIONS /api/moderation/history/8/ HTTP/1.1" 200 0
INFO 2025-10-06 14:39:45,357 basehttp "GET /api/moderation/history/8/ HTTP/1.1" 200 1167
INFO 2025-10-06 14:39:47,423 basehttp "GET /media/moderation_files/I.pdf HTTP/1.1" 200 46087
INFO 2025-10-06 14:52:11,524 basehttp "OPTIONS /api/moderation/history/4/ HTTP/1.1" 200 0
INFO 2025-10-06 14:52:11,531 basehttp "GET /api/moderation/history/4/ HTTP/1.1" 200 446
INFO 2025-10-06 14:52:11,913 basehttp "GET /api/moderation/history/4/ HTTP/1.1" 200 446
INFO 2025-10-06 14:52:12,159 basehttp "GET /api/moderation/history/4/ HTTP/1.1" 200 446
INFO 2025-10-06 14:56:53,961 basehttp "OPTIONS /api/auth/logout/ HTTP/1.1" 200 0
INFO 2025-10-06 14:56:53,981 basehttp "POST /api/auth/logout/ HTTP/1.1" 200 31
INFO 2025-10-06 14:56:59,259 basehttp "POST /api/auth/login/ HTTP/1.1" 200 665
INFO 2025-10-06 14:56:59,299 basehttp "GET /api/moderation/policies/ HTTP/1.1" 200 469
INFO 2025-10-06 14:56:59,311 basehttp "GET /api/moderation/history/ HTTP/1.1" 200 2726
INFO 2025-10-06 14:56:59,327 basehttp "GET /api/moderation/history/ HTTP/1.1" 200 2726
INFO 2025-10-06 14:56:59,346 basehttp "GET /api/moderation/policies/ HTTP/1.1" 200 469
INFO 2025-10-06 14:57:12,871 basehttp "GET /api/moderation/history/8/ HTTP/1.1" 200 1167
INFO 2025-10-06 16:59:50,951 autoreload Watching for file changes with StatReloader
INFO 2025-10-06 17:00:03,926 basehttp "OPTIONS /api/moderation/policies/ HTTP/1.1" 200 0
INFO 2025-10-06 17:00:03,929 basehttp "OPTIONS /api/moderation/history/ HTTP/1.1" 200 0
INFO 2025-10-06 17:00:03,931 basehttp "OPTIONS /api/moderation/policies/ HTTP/1.1" 200 0
INFO 2025-10-06 17:00:03,932 basehttp "OPTIONS /api/moderation/history/ HTTP/1.1" 200 0
WARNING 2025-10-06 17:00:03,944 log Unauthorized: /api/moderation/policies/
WARNING 2025-10-06 17:00:03,944 log Unauthorized: /api/moderation/history/
WARNING 2025-10-06 17:00:03,945 basehttp "GET /api/moderation/policies/ HTTP/1.1" 401 172
WARNING 2025-10-06 17:00:03,945 basehttp "GET /api/moderation/history/ HTTP/1.1" 401 172
WARNING 2025-10-06 17:00:03,990 log Unauthorized: /api/moderation/policies/
WARNING 2025-10-06 17:00:03,991 log Unauthorized: /api/moderation/history/
WARNING 2025-10-06 17:00:03,992 basehttp "GET /api/moderation/policies/ HTTP/1.1" 401 172
WARNING 2025-10-06 17:00:03,993 basehttp "GET /api/moderation/history/ HTTP/1.1" 401 172
INFO 2025-10-06 17:00:03,993 basehttp "OPTIONS /api/auth/refresh/ HTTP/1.1" 200 0
INFO 2025-10-06 17:00:03,993 basehttp "OPTIONS /api/auth/refresh/ HTTP/1.1" 200 0
INFO 2025-10-06 17:00:04,033 basehttp "POST /api/auth/refresh/ HTTP/1.1" 200 489
WARNING 2025-10-06 17:00:04,038 log Unauthorized: /api/auth/refresh/
WARNING 2025-10-06 17:00:04,040 log Unauthorized: /api/auth/refresh/
WARNING 2025-10-06 17:00:04,040 basehttp "POST /api/auth/refresh/ HTTP/1.1" 401 58
WARNING 2025-10-06 17:00:04,040 basehttp "POST /api/auth/refresh/ HTTP/1.1" 401 58
INFO 2025-10-06 17:00:04,054 basehttp "POST /api/auth/refresh/ HTTP/1.1" 200 489
INFO 2025-10-06 17:00:04,085 basehttp "GET /api/moderation/policies/ HTTP/1.1" 200 469
INFO 2025-10-06 17:00:19,720 basehttp "OPTIONS /api/auth/login/ HTTP/1.1" 200 0
WARNING 2025-10-06 17:00:19,927 log Unauthorized: /api/auth/login/
WARNING 2025-10-06 17:00:19,928 basehttp "POST /api/auth/login/ HTTP/1.1" 401 31
WARNING 2025-10-06 17:00:19,970 log Bad Request: /api/auth/refresh/
WARNING 2025-10-06 17:00:19,971 basehttp "POST /api/auth/refresh/ HTTP/1.1" 400 43
WARNING 2025-10-06 17:00:32,595 log Unauthorized: /api/auth/login/
WARNING 2025-10-06 17:00:32,596 basehttp "POST /api/auth/login/ HTTP/1.1" 401 31
WARNING 2025-10-06 17:00:32,598 log Bad Request: /api/auth/refresh/
WARNING 2025-10-06 17:00:32,599 basehttp "POST /api/auth/refresh/ HTTP/1.1" 400 43
INFO 2025-10-06 17:00:36,984 basehttp "POST /api/auth/login/ HTTP/1.1" 200 665
INFO 2025-10-06 17:00:37,016 basehttp "GET /api/moderation/policies/ HTTP/1.1" 200 469
INFO 2025-10-06 17:00:37,024 basehttp "GET /api/moderation/history/ HTTP/1.1" 200 2726
INFO 2025-10-06 17:00:37,035 basehttp "GET /api/moderation/history/ HTTP/1.1" 200 2726
INFO 2025-10-06 17:00:37,061 basehttp "GET /api/moderation/policies/ HTTP/1.1" 200 469
INFO 2025-10-06 17:04:23,612 basehttp "OPTIONS /api/moderation/history/7/ HTTP/1.1" 200 0
INFO 2025-10-06 17:04:23,628 basehttp "GET /api/moderation/history/7/ HTTP/1.1" 200 549
INFO 2025-10-06 17:08:41,878 basehttp "OPTIONS /api/moderation/history/10/ HTTP/1.1" 200 0
INFO 2025-10-06 17:08:41,886 basehttp "GET /api/moderation/history/10/ HTTP/1.1" 200 1521
INFO 2025-10-06 17:08:42,221 basehttp "GET /api/moderation/history/10/ HTTP/1.1" 200 1521
INFO 2025-10-06 17:11:51,137 basehttp "OPTIONS /api/moderation/history/3/ HTTP/1.1" 200 0
INFO 2025-10-06 17:11:51,158 basehttp "GET /api/moderation/history/3/ HTTP/1.1" 200 452
INFO 2025-10-06 17:11:51,869 basehttp "GET /api/moderation/history/3/ HTTP/1.1" 200 452
INFO 2025-10-06 17:23:01,116 basehttp "OPTIONS /api/moderation/history/8/ HTTP/1.1" 200 0
INFO 2025-10-06 17:23:01,122 basehttp "GET /api/moderation/history/8/ HTTP/1.1" 200 1167
INFO 2025-10-06 17:23:06,243 basehttp "GET /media/moderation_files/I.pdf HTTP/1.1" 200 46087
WARNING 2025-10-06 17:23:06,304 log Not Found: /favicon.ico
WARNING 2025-10-06 17:23:06,304 basehttp "GET /favicon.ico HTTP/1.1" 404 2688
WARNING 2025-10-06 17:23:21,828 log Not Found: /media/
WARNING 2025-10-06 17:23:21,828 basehttp "GET /media/ HTTP/1.1" 404 2853
WARNING 2025-10-06 17:23:31,997 log Not Found: /media/moderation_files
WARNING 2025-10-06 17:23:31,997 basehttp "GET /media/moderation_files HTTP/1.1" 404 2901
WARNING 2025-10-06 17:23:37,558 log Not Found: /media/
WARNING 2025-10-06 17:23:37,559 basehttp "GET /media/ HTTP/1.1" 404 2853
INFO 2025-10-06 17:23:42,123 basehttp "GET /media/moderation_files/I.pdf HTTP/1.1" 200 46087
INFO 2025-10-06 17:24:11,572 basehttp "GET /media/moderation_files/BNY_cover_letter.pdf HTTP/1.1" 200 341465
INFO 2025-10-06 17:47:59,696 basehttp "OPTIONS /api/auth/logout/ HTTP/1.1" 200 0
INFO 2025-10-06 17:47:59,729 basehttp "POST /api/auth/logout/ HTTP/1.1" 200 31
INFO 2025-10-06 17:48:52,438 basehttp "POST /api/auth/login/ HTTP/1.1" 200 665
INFO 2025-10-06 17:48:52,492 basehttp "GET /api/moderation/policies/ HTTP/1.1" 200 469
INFO 2025-10-06 17:48:52,510 basehttp "GET /api/moderation/policies/ HTTP/1.1" 200 469
INFO 2025-10-06 17:48:52,527 basehttp "GET /api/moderation/history/ HTTP/1.1" 200 2726
INFO 2025-10-06 17:48:52,553 basehttp "GET /api/moderation/history/ HTTP/1.1" 200 2726
INFO 2025-10-06 17:51:19,682 basehttp "OPTIONS /api/moderation/moderate/ HTTP/1.1" 200 0
INFO 2025-10-06 17:51:19,733 views User admin moderating file: BNY cover letter.pdf
INFO 2025-10-06 17:51:23,775 SentenceTransformer Use pytorch device_name: cuda:0
INFO 2025-10-06 17:51:23,775 SentenceTransformer Load pretrained SentenceTransformer: all-MiniLM-L12-v2
INFO 2025-10-06 17:51:27,416 policy_store Loading existing policy store
INFO 2025-10-06 17:51:27,861 posthog Anonymized telemetry enabled. See                     https://docs.trychroma.com/telemetry for more information.
INFO 2025-10-06 17:51:28,005 moderation_engine Starting moderation for: BNY cover letter.pdf
INFO 2025-10-06 17:51:28,005 moderation_engine Loading PDF: BNY cover letter.pdf
INFO 2025-10-06 17:51:28,103 moderation_engine Split BNY cover letter.pdf into 2 chunks
INFO 2025-10-06 17:51:28,103 moderation_engine Processing 2 chunks for moderation
INFO 2025-10-06 17:51:28,103 llm Initializing RetrievalQA chain with k=3
INFO 2025-10-06 17:51:28,284 llm RetrievalQA moderation chain initialized successfully
DEBUG 2025-10-06 17:51:28,284 moderation_engine Moderating chunk 0/2: len=976
INFO 2025-10-06 17:51:29,190 _client HTTP Request: POST https://api.groq.com/openai/v1/chat/completions "HTTP/1.1 200 OK"
DEBUG 2025-10-06 17:51:29,218 moderation_engine Chunk 0: OK
DEBUG 2025-10-06 17:51:29,218 moderation_engine Moderating chunk 1/2: len=937
INFO 2025-10-06 17:51:29,455 _client HTTP Request: POST https://api.groq.com/openai/v1/chat/completions "HTTP/1.1 200 OK"
DEBUG 2025-10-06 17:51:29,456 moderation_engine Chunk 1: OK
INFO 2025-10-06 17:51:29,456 moderation_engine Moderation complete for BNY cover letter.pdf: verdict=clean, violations=0, reviews=0, allowed=2/2
INFO 2025-10-06 17:51:29,486 views Moderation complete for BNY cover letter.pdf: verdict=clean
INFO 2025-10-06 17:51:29,489 basehttp "POST /api/moderation/moderate/ HTTP/1.1" 200 443
INFO 2025-10-06 17:51:29,547 basehttp "GET /api/moderation/history/ HTTP/1.1" 200 2996
INFO 2025-10-06 17:52:12,547 basehttp "OPTIONS /api/moderation/history/11/ HTTP/1.1" 200 0
INFO 2025-10-06 17:52:12,552 basehttp "GET /api/moderation/history/11/ HTTP/1.1" 200 443
INFO 2025-10-06 17:52:16,346 basehttp "GET /api/moderation/history/11/ HTTP/1.1" 200 443
INFO 2025-10-06 17:58:21,685 basehttp "GET /api/moderation/history/10/ HTTP/1.1" 200 1521
INFO 2025-10-06 17:58:21,865 basehttp "GET /api/moderation/history/10/ HTTP/1.1" 200 1521
INFO 2025-10-06 17:58:22,339 basehttp "GET /api/moderation/history/10/ HTTP/1.1" 200 1521
INFO 2025-10-06 17:58:22,542 basehttp "GET /api/moderation/history/10/ HTTP/1.1" 200 1521
INFO 2025-10-06 18:34:23,903 basehttp "GET /api/moderation/policies/ HTTP/1.1" 200 469
INFO 2025-10-06 18:34:23,918 basehttp "GET /api/moderation/policies/ HTTP/1.1" 200 469
INFO 2025-10-06 18:34:23,919 basehttp "GET /api/moderation/history/ HTTP/1.1" 200 2996
INFO 2025-10-06 18:34:23,936 basehttp "GET /api/moderation/history/ HTTP/1.1" 200 2996
INFO 2025-10-06 18:34:24,743 basehttp "GET /api/moderation/policies/ HTTP/1.1" 200 469
INFO 2025-10-06 18:34:24,755 basehttp "GET /api/moderation/history/ HTTP/1.1" 200 2996
INFO 2025-10-06 18:34:24,759 basehttp "GET /api/moderation/policies/ HTTP/1.1" 200 469
INFO 2025-10-06 18:34:24,772 basehttp "GET /api/moderation/history/ HTTP/1.1" 200 2996
INFO 2025-10-06 18:34:25,203 basehttp "GET /api/moderation/policies/ HTTP/1.1" 200 469
INFO 2025-10-06 18:34:25,218 basehttp "GET /api/moderation/policies/ HTTP/1.1" 200 469
INFO 2025-10-06 18:34:25,218 basehttp "GET /api/moderation/history/ HTTP/1.1" 200 2996
INFO 2025-10-06 18:34:25,229 basehttp "GET /api/moderation/history/ HTTP/1.1" 200 2996
INFO 2025-10-06 18:34:25,427 basehttp "GET /api/moderation/policies/ HTTP/1.1" 200 469
INFO 2025-10-06 18:34:25,441 basehttp "GET /api/moderation/policies/ HTTP/1.1" 200 469
INFO 2025-10-06 18:34:25,442 basehttp "GET /api/moderation/history/ HTTP/1.1" 200 2996
INFO 2025-10-06 18:34:25,455 basehttp "GET /api/moderation/history/ HTTP/1.1" 200 2996
INFO 2025-10-06 18:34:25,606 basehttp "GET /api/moderation/policies/ HTTP/1.1" 200 469
INFO 2025-10-06 18:34:25,619 basehttp "GET /api/moderation/policies/ HTTP/1.1" 200 469
INFO 2025-10-06 18:34:25,620 basehttp "GET /api/moderation/history/ HTTP/1.1" 200 2996
INFO 2025-10-06 18:34:25,632 basehttp "GET /api/moderation/history/ HTTP/1.1" 200 2996
INFO 2025-10-06 18:34:25,786 basehttp "GET /api/moderation/policies/ HTTP/1.1" 200 469
INFO 2025-10-06 18:34:25,798 basehttp "GET /api/moderation/history/ HTTP/1.1" 200 2996
INFO 2025-10-06 18:34:25,799 basehttp "GET /api/moderation/policies/ HTTP/1.1" 200 469
INFO 2025-10-06 18:34:25,812 basehttp "GET /api/moderation/history/ HTTP/1.1" 200 2996
INFO 2025-10-06 18:34:25,941 basehttp "GET /api/moderation/policies/ HTTP/1.1" 200 469
INFO 2025-10-06 18:34:25,955 basehttp "GET /api/moderation/policies/ HTTP/1.1" 200 469
INFO 2025-10-06 18:34:25,958 basehttp "GET /api/moderation/history/ HTTP/1.1" 200 2996
INFO 2025-10-06 18:34:25,974 basehttp "GET /api/moderation/history/ HTTP/1.1" 200 2996
INFO 2025-10-06 18:34:26,117 basehttp "GET /api/moderation/policies/ HTTP/1.1" 200 469
INFO 2025-10-06 18:34:26,129 basehttp "GET /api/moderation/history/ HTTP/1.1" 200 2996
INFO 2025-10-06 18:34:26,130 basehttp "GET /api/moderation/policies/ HTTP/1.1" 200 469
INFO 2025-10-06 18:34:26,141 basehttp "GET /api/moderation/history/ HTTP/1.1" 200 2996
INFO 2025-10-06 18:34:26,289 basehttp "GET /api/moderation/policies/ HTTP/1.1" 200 469
INFO 2025-10-06 18:34:26,301 basehttp "GET /api/moderation/policies/ HTTP/1.1" 200 469
INFO 2025-10-06 18:34:26,304 basehttp "GET /api/moderation/history/ HTTP/1.1" 200 2996
INFO 2025-10-06 18:34:26,316 basehttp "GET /api/moderation/history/ HTTP/1.1" 200 2996
INFO 2025-10-06 18:34:26,469 basehttp "GET /api/moderation/policies/ HTTP/1.1" 200 469
INFO 2025-10-06 18:34:26,479 basehttp "GET /api/moderation/history/ HTTP/1.1" 200 2996
INFO 2025-10-06 18:34:26,483 basehttp "GET /api/moderation/policies/ HTTP/1.1" 200 469
INFO 2025-10-06 18:34:26,494 basehttp "GET /api/moderation/history/ HTTP/1.1" 200 2996
INFO 2025-10-06 18:34:26,701 basehttp "GET /api/moderation/policies/ HTTP/1.1" 200 469
INFO 2025-10-06 18:34:26,713 basehttp "GET /api/moderation/policies/ HTTP/1.1" 200 469
INFO 2025-10-06 18:34:26,713 basehttp "GET /api/moderation/history/ HTTP/1.1" 200 2996
INFO 2025-10-06 18:34:26,726 basehttp "GET /api/moderation/history/ HTTP/1.1" 200 2996
INFO 2025-10-06 18:34:27,097 basehttp "GET /api/moderation/policies/ HTTP/1.1" 200 469
INFO 2025-10-06 18:34:27,108 basehttp "GET /api/moderation/policies/ HTTP/1.1" 200 469
INFO 2025-10-06 18:34:27,111 basehttp "GET /api/moderation/history/ HTTP/1.1" 200 2996
INFO 2025-10-06 18:34:27,127 basehttp "GET /api/moderation/history/ HTTP/1.1" 200 2996
INFO 2025-10-06 18:34:27,416 basehttp "GET /api/moderation/policies/ HTTP/1.1" 200 469
INFO 2025-10-06 18:34:27,429 basehttp "GET /api/moderation/policies/ HTTP/1.1" 200 469
INFO 2025-10-06 18:34:27,429 basehttp "GET /api/moderation/history/ HTTP/1.1" 200 2996
INFO 2025-10-06 18:34:27,440 basehttp "GET /api/moderation/history/ HTTP/1.1" 200 2996
INFO 2025-10-06 18:34:27,880 basehttp "GET /api/moderation/policies/ HTTP/1.1" 200 469
INFO 2025-10-06 18:34:27,890 basehttp "GET /api/moderation/history/ HTTP/1.1" 200 2996
INFO 2025-10-06 18:34:27,891 basehttp "GET /api/moderation/policies/ HTTP/1.1" 200 469
INFO 2025-10-06 18:34:27,903 basehttp "GET /api/moderation/history/ HTTP/1.1" 200 2996
INFO 2025-10-06 18:34:28,276 basehttp "GET /api/moderation/policies/ HTTP/1.1" 200 469
INFO 2025-10-06 18:34:28,291 basehttp "GET /api/moderation/policies/ HTTP/1.1" 200 469
INFO 2025-10-06 18:34:28,293 basehttp "GET /api/moderation/history/ HTTP/1.1" 200 2996
INFO 2025-10-06 18:34:28,306 basehttp "GET /api/moderation/history/ HTTP/1.1" 200 2996
INFO 2025-10-06 18:34:28,718 basehttp "GET /api/moderation/policies/ HTTP/1.1" 200 469
INFO 2025-10-06 18:34:28,729 basehttp "GET /api/moderation/policies/ HTTP/1.1" 200 469
INFO 2025-10-06 18:34:28,729 basehttp "GET /api/moderation/history/ HTTP/1.1" 200 2996
INFO 2025-10-06 18:34:28,743 basehttp "GET /api/moderation/history/ HTTP/1.1" 200 2996
INFO 2025-10-06 18:34:29,100 basehttp "GET /api/moderation/policies/ HTTP/1.1" 200 469
INFO 2025-10-06 18:34:29,111 basehttp "GET /api/moderation/policies/ HTTP/1.1" 200 469
INFO 2025-10-06 18:34:29,115 basehttp "GET /api/moderation/history/ HTTP/1.1" 200 2996
INFO 2025-10-06 18:34:29,129 basehttp "GET /api/moderation/history/ HTTP/1.1" 200 2996
INFO 2025-10-06 18:34:29,410 basehttp "GET /api/moderation/policies/ HTTP/1.1" 200 469
INFO 2025-10-06 18:34:29,420 basehttp "GET /api/moderation/policies/ HTTP/1.1" 200 469
INFO 2025-10-06 18:34:29,423 basehttp "GET /api/moderation/history/ HTTP/1.1" 200 2996
INFO 2025-10-06 18:34:29,439 basehttp "GET /api/moderation/history/ HTTP/1.1" 200 2996
INFO 2025-10-06 18:34:29,702 basehttp "GET /api/moderation/policies/ HTTP/1.1" 200 469
INFO 2025-10-06 18:34:29,711 basehttp "GET /api/moderation/history/ HTTP/1.1" 200 2996
INFO 2025-10-06 18:34:29,717 basehttp "GET /api/moderation/policies/ HTTP/1.1" 200 469
INFO 2025-10-06 18:34:29,728 basehttp "GET /api/moderation/history/ HTTP/1.1" 200 2996
INFO 2025-10-06 18:34:30,145 basehttp "GET /api/moderation/policies/ HTTP/1.1" 200 469
INFO 2025-10-06 18:34:30,157 basehttp "GET /api/moderation/history/ HTTP/1.1" 200 2996
INFO 2025-10-06 18:34:30,157 basehttp "GET /api/moderation/policies/ HTTP/1.1" 200 469
INFO 2025-10-06 18:34:30,171 basehttp "GET /api/moderation/history/ HTTP/1.1" 200 2996
INFO 2025-10-06 18:34:30,423 basehttp "GET /api/moderation/policies/ HTTP/1.1" 200 469
INFO 2025-10-06 18:34:30,433 basehttp "GET /api/moderation/policies/ HTTP/1.1" 200 469
INFO 2025-10-06 18:34:30,437 basehttp "GET /api/moderation/history/ HTTP/1.1" 200 2996
INFO 2025-10-06 18:34:30,452 basehttp "GET /api/moderation/history/ HTTP/1.1" 200 2996
INFO 2025-10-06 18:34:30,797 basehttp "GET /api/moderation/policies/ HTTP/1.1" 200 469
INFO 2025-10-06 18:34:30,810 basehttp "GET /api/moderation/policies/ HTTP/1.1" 200 469
INFO 2025-10-06 18:34:30,812 basehttp "GET /api/moderation/history/ HTTP/1.1" 200 2996
INFO 2025-10-06 18:34:30,826 basehttp "GET /api/moderation/history/ HTTP/1.1" 200 2996
INFO 2025-10-06 18:34:31,174 basehttp "GET /api/moderation/policies/ HTTP/1.1" 200 469
INFO 2025-10-06 18:34:31,186 basehttp "GET /api/moderation/policies/ HTTP/1.1" 200 469
INFO 2025-10-06 18:34:31,187 basehttp "GET /api/moderation/history/ HTTP/1.1" 200 2996
INFO 2025-10-06 18:34:31,202 basehttp "GET /api/moderation/history/ HTTP/1.1" 200 2996
INFO 2025-10-06 18:34:31,618 basehttp "GET /api/moderation/policies/ HTTP/1.1" 200 469
INFO 2025-10-06 18:34:31,630 basehttp "GET /api/moderation/policies/ HTTP/1.1" 200 469
INFO 2025-10-06 18:34:31,631 basehttp "GET /api/moderation/history/ HTTP/1.1" 200 2996
INFO 2025-10-06 18:34:31,645 basehttp "GET /api/moderation/history/ HTTP/1.1" 200 2996
INFO 2025-10-06 18:34:32,090 basehttp "GET /api/moderation/policies/ HTTP/1.1" 200 469
INFO 2025-10-06 18:34:32,101 basehttp "GET /api/moderation/policies/ HTTP/1.1" 200 469
INFO 2025-10-06 18:34:32,101 basehttp "GET /api/moderation/history/ HTTP/1.1" 200 2996
INFO 2025-10-06 18:34:32,115 basehttp "GET /api/moderation/history/ HTTP/1.1" 200 2996
INFO 2025-10-06 18:34:32,544 basehttp "GET /api/moderation/policies/ HTTP/1.1" 200 469
INFO 2025-10-06 18:34:32,552 basehttp "GET /api/moderation/history/ HTTP/1.1" 200 2996
INFO 2025-10-06 18:34:32,556 basehttp "GET /api/moderation/policies/ HTTP/1.1" 200 469
INFO 2025-10-06 18:34:32,571 basehttp "GET /api/moderation/history/ HTTP/1.1" 200 2996
INFO 2025-10-06 18:34:33,269 basehttp "GET /api/moderation/policies/ HTTP/1.1" 200 469
INFO 2025-10-06 18:34:33,283 basehttp "GET /api/moderation/history/ HTTP/1.1" 200 2996
INFO 2025-10-06 18:34:33,283 basehttp "GET /api/moderation/policies/ HTTP/1.1" 200 469
INFO 2025-10-06 18:34:33,297 basehttp "GET /api/moderation/history/ HTTP/1.1" 200 2996
INFO 2025-10-06 18:34:33,699 basehttp "GET /api/moderation/policies/ HTTP/1.1" 200 469
INFO 2025-10-06 18:34:33,711 basehttp "GET /api/moderation/history/ HTTP/1.1" 200 2996
INFO 2025-10-06 18:34:33,712 basehttp "GET /api/moderation/policies/ HTTP/1.1" 200 469
INFO 2025-10-06 18:34:33,724 basehttp "GET /api/moderation/history/ HTTP/1.1" 200 2996
INFO 2025-10-06 18:34:34,113 basehttp "GET /api/moderation/policies/ HTTP/1.1" 200 469
INFO 2025-10-06 18:34:34,127 basehttp "GET /api/moderation/policies/ HTTP/1.1" 200 469
INFO 2025-10-06 18:34:34,134 basehttp "GET /api/moderation/history/ HTTP/1.1" 200 2996
INFO 2025-10-06 18:34:34,156 basehttp "GET /api/moderation/history/ HTTP/1.1" 200 2996
INFO 2025-10-06 18:34:34,450 basehttp "GET /api/moderation/policies/ HTTP/1.1" 200 469
INFO 2025-10-06 18:34:34,457 basehttp "GET /api/moderation/history/ HTTP/1.1" 200 2996
INFO 2025-10-06 18:34:34,461 basehttp "GET /api/moderation/policies/ HTTP/1.1" 200 469
INFO 2025-10-06 18:34:34,473 basehttp "GET /api/moderation/history/ HTTP/1.1" 200 2996
INFO 2025-10-06 18:34:34,775 basehttp "GET /api/moderation/policies/ HTTP/1.1" 200 469
INFO 2025-10-06 18:34:34,786 basehttp "GET /api/moderation/policies/ HTTP/1.1" 200 469
INFO 2025-10-06 18:34:34,787 basehttp "GET /api/moderation/history/ HTTP/1.1" 200 2996
INFO 2025-10-06 18:34:34,801 basehttp "GET /api/moderation/history/ HTTP/1.1" 200 2996
INFO 2025-10-06 18:34:35,208 basehttp "GET /api/moderation/policies/ HTTP/1.1" 200 469
INFO 2025-10-06 18:34:35,223 basehttp "GET /api/moderation/policies/ HTTP/1.1" 200 469
INFO 2025-10-06 18:34:35,228 basehttp "GET /api/moderation/history/ HTTP/1.1" 200 2996
INFO 2025-10-06 18:34:35,245 basehttp "GET /api/moderation/history/ HTTP/1.1" 200 2996
INFO 2025-10-06 18:34:35,681 basehttp "GET /api/moderation/policies/ HTTP/1.1" 200 469
INFO 2025-10-06 18:34:35,693 basehttp "GET /api/moderation/policies/ HTTP/1.1" 200 469
INFO 2025-10-06 18:34:35,696 basehttp "GET /api/moderation/history/ HTTP/1.1" 200 2996
INFO 2025-10-06 18:34:35,709 basehttp "GET /api/moderation/history/ HTTP/1.1" 200 2996
INFO 2025-10-06 18:34:36,028 basehttp "GET /api/moderation/policies/ HTTP/1.1" 200 469
INFO 2025-10-06 18:34:36,042 basehttp "GET /api/moderation/policies/ HTTP/1.1" 200 469
INFO 2025-10-06 18:34:36,043 basehttp "GET /api/moderation/history/ HTTP/1.1" 200 2996
INFO 2025-10-06 18:34:36,057 basehttp "GET /api/moderation/history/ HTTP/1.1" 200 2996
INFO 2025-10-06 18:34:36,201 basehttp "GET /api/moderation/policies/ HTTP/1.1" 200 469
INFO 2025-10-06 18:34:36,212 basehttp "GET /api/moderation/policies/ HTTP/1.1" 200 469
INFO 2025-10-06 18:34:36,216 basehttp "GET /api/moderation/history/ HTTP/1.1" 200 2996
INFO 2025-10-06 18:34:36,230 basehttp "GET /api/moderation/history/ HTTP/1.1" 200 2996
INFO 2025-10-06 18:34:36,381 basehttp "GET /api/moderation/policies/ HTTP/1.1" 200 469
INFO 2025-10-06 18:34:36,395 basehttp "GET /api/moderation/policies/ HTTP/1.1" 200 469
INFO 2025-10-06 18:34:36,395 basehttp "GET /api/moderation/history/ HTTP/1.1" 200 2996
INFO 2025-10-06 18:34:36,407 basehttp "GET /api/moderation/history/ HTTP/1.1" 200 2996
INFO 2025-10-06 18:34:36,541 basehttp "GET /api/moderation/policies/ HTTP/1.1" 200 469
INFO 2025-10-06 18:34:36,552 basehttp "GET /api/moderation/policies/ HTTP/1.1" 200 469
INFO 2025-10-06 18:34:36,553 basehttp "GET /api/moderation/history/ HTTP/1.1" 200 2996
INFO 2025-10-06 18:34:36,565 basehttp "GET /api/moderation/history/ HTTP/1.1" 200 2996
INFO 2025-10-06 18:34:36,710 basehttp "GET /api/moderation/policies/ HTTP/1.1" 200 469
INFO 2025-10-06 18:34:36,723 basehttp "GET /api/moderation/policies/ HTTP/1.1" 200 469
INFO 2025-10-06 18:34:36,725 basehttp "GET /api/moderation/history/ HTTP/1.1" 200 2996
INFO 2025-10-06 18:34:36,738 basehttp "GET /api/moderation/history/ HTTP/1.1" 200 2996
INFO 2025-10-06 18:34:36,896 basehttp "GET /api/moderation/policies/ HTTP/1.1" 200 469
INFO 2025-10-06 18:34:36,906 basehttp "GET /api/moderation/history/ HTTP/1.1" 200 2996
INFO 2025-10-06 18:34:36,909 basehttp "GET /api/moderation/policies/ HTTP/1.1" 200 469
INFO 2025-10-06 18:34:36,921 basehttp "GET /api/moderation/history/ HTTP/1.1" 200 2996
INFO 2025-10-06 18:34:43,353 basehttp "GET /api/moderation/policies/ HTTP/1.1" 200 469
INFO 2025-10-06 18:34:43,362 basehttp "GET /api/moderation/policies/ HTTP/1.1" 200 469
INFO 2025-10-06 18:34:43,364 basehttp "GET /api/moderation/history/ HTTP/1.1" 200 2996
INFO 2025-10-06 18:34:43,377 basehttp "GET /api/moderation/history/ HTTP/1.1" 200 2996
INFO 2025-10-06 18:34:52,394 basehttp "GET /api/moderation/history/11/ HTTP/1.1" 200 443
INFO 2025-10-06 18:34:58,990 basehttp "GET /api/moderation/history/10/ HTTP/1.1" 200 1521
WARNING 2025-10-06 18:53:08,459 log Unauthorized: /api/auth/login/
WARNING 2025-10-06 18:53:08,461 basehttp "POST /api/auth/login/ HTTP/1.1" 401 172
INFO 2025-10-06 18:53:08,510 basehttp "POST /api/auth/refresh/ HTTP/1.1" 200 489
INFO 2025-10-06 18:53:08,801 basehttp "POST /api/auth/login/ HTTP/1.1" 200 665
INFO 2025-10-06 18:53:08,892 basehttp "GET /api/moderation/policies/ HTTP/1.1" 200 469
INFO 2025-10-06 18:53:08,903 basehttp "GET /api/moderation/history/ HTTP/1.1" 200 2996
INFO 2025-10-06 18:53:08,918 basehttp "GET /api/moderation/history/ HTTP/1.1" 200 2996
INFO 2025-10-06 18:53:08,954 basehttp "GET /api/moderation/policies/ HTTP/1.1" 200 469
INFO 2025-10-06 18:53:24,109 basehttp "GET /api/moderation/history/11/ HTTP/1.1" 200 443
INFO 2025-10-06 18:53:44,652 basehttp "POST /api/auth/logout/ HTTP/1.1" 200 31
INFO 2025-10-06 18:54:06,302 basehttp "POST /api/auth/login/ HTTP/1.1" 200 665
INFO 2025-10-06 18:54:06,324 basehttp "GET /api/moderation/policies/ HTTP/1.1" 200 469
INFO 2025-10-06 18:54:06,332 basehttp "GET /api/moderation/history/ HTTP/1.1" 200 2996
INFO 2025-10-06 18:54:06,344 basehttp "GET /api/moderation/history/ HTTP/1.1" 200 2996
INFO 2025-10-06 18:54:06,373 basehttp "GET /api/moderation/policies/ HTTP/1.1" 200 469
INFO 2025-10-06 18:54:13,360 basehttp "GET /api/moderation/history/11/ HTTP/1.1" 200 443
INFO 2025-10-06 18:54:18,882 basehttp "GET /media/moderation_files/BNY_cover_letter_2IXPwTz.pdf HTTP/1.1" 200 341465
INFO 2025-10-06 19:07:19,135 autoreload Watching for file changes with StatReloader
INFO 2025-10-06 19:07:36,897 basehttp "OPTIONS /api/auth/login/ HTTP/1.1" 200 0
INFO 2025-10-06 19:07:37,144 basehttp "POST /api/auth/login/ HTTP/1.1" 200 665
INFO 2025-10-06 19:07:37,227 basehttp "OPTIONS /api/moderation/policies/ HTTP/1.1" 200 0
INFO 2025-10-06 19:07:37,231 basehttp "OPTIONS /api/moderation/history/ HTTP/1.1" 200 0
INFO 2025-10-06 19:07:37,233 basehttp "OPTIONS /api/moderation/policies/ HTTP/1.1" 200 0
INFO 2025-10-06 19:07:37,239 basehttp "OPTIONS /api/moderation/history/ HTTP/1.1" 200 0
INFO 2025-10-06 19:07:37,252 basehttp "GET /api/moderation/policies/ HTTP/1.1" 200 469
INFO 2025-10-06 19:07:37,261 basehttp "GET /api/moderation/history/ HTTP/1.1" 200 2996
INFO 2025-10-06 19:07:37,312 basehttp "GET /api/moderation/policies/ HTTP/1.1" 200 469
INFO 2025-10-06 19:07:37,326 basehttp "GET /api/moderation/history/ HTTP/1.1" 200 2996
INFO 2025-10-06 19:07:50,839 basehttp "GET /api/moderation/policies/ HTTP/1.1" 200 469
INFO 2025-10-06 19:07:50,843 basehttp "GET /api/moderation/history/ HTTP/1.1" 200 2996
INFO 2025-10-06 19:08:25,969 basehttp "OPTIONS /api/moderation/history/6/ HTTP/1.1" 200 0
INFO 2025-10-06 19:08:25,980 basehttp "GET /api/moderation/history/6/ HTTP/1.1" 200 1192
INFO 2025-10-06 19:09:38,894 basehttp "GET /api/moderation/history/11/ HTTP/1.1" 200 443
INFO 2025-10-06 19:09:40,778 basehttp "GET /media/moderation_files/BNY_cover_letter_2IXPwTz.pdf HTTP/1.1" 304 0
INFO 2025-10-06 19:09:44,363 basehttp "GET /api/moderation/history/11/ HTTP/1.1" 200 443
INFO 2025-10-06 19:09:45,118 basehttp "OPTIONS /api/moderation/history/11/verdict/ HTTP/1.1" 200 0
INFO 2025-10-06 19:09:45,135 views User admin set final verdict to approved for moderation 11
INFO 2025-10-06 19:09:45,136 basehttp "POST /api/moderation/history/11/verdict/ HTTP/1.1" 200 75
INFO 2025-10-06 19:09:45,189 basehttp "GET /api/moderation/history/ HTTP/1.1" 200 3022
INFO 2025-10-06 19:20:18,908 basehttp "POST /api/auth/logout/ HTTP/1.1" 200 31
INFO 2025-10-06 19:20:23,847 basehttp "POST /api/auth/login/ HTTP/1.1" 200 665
INFO 2025-10-06 19:20:23,880 basehttp "GET /api/moderation/policies/ HTTP/1.1" 200 469
INFO 2025-10-06 19:20:23,887 basehttp "GET /api/moderation/history/ HTTP/1.1" 200 3022
INFO 2025-10-06 19:20:23,899 basehttp "GET /api/moderation/history/ HTTP/1.1" 200 3022
INFO 2025-10-06 19:20:23,926 basehttp "GET /api/moderation/policies/ HTTP/1.1" 200 469
INFO 2025-10-06 19:21:18,550 basehttp "OPTIONS /api/moderation/history/7/ HTTP/1.1" 200 0
INFO 2025-10-06 19:21:18,557 basehttp "GET /api/moderation/history/7/ HTTP/1.1" 200 549
INFO 2025-10-06 19:23:41,360 basehttp "POST /api/auth/logout/ HTTP/1.1" 200 31
INFO 2025-10-06 19:24:47,002 basehttp "POST /api/auth/login/ HTTP/1.1" 200 665
INFO 2025-10-06 19:24:47,036 basehttp "GET /api/moderation/policies/ HTTP/1.1" 200 469
INFO 2025-10-06 19:24:47,042 basehttp "GET /api/moderation/history/ HTTP/1.1" 200 3022
INFO 2025-10-06 19:24:47,055 basehttp "GET /api/moderation/history/ HTTP/1.1" 200 3022
INFO 2025-10-06 19:24:47,084 basehttp "GET /api/moderation/policies/ HTTP/1.1" 200 469
INFO 2025-10-06 19:25:39,250 basehttp "GET /api/moderation/history/11/ HTTP/1.1" 200 469
INFO 2025-10-06 19:25:45,407 basehttp "OPTIONS /api/moderation/history/8/ HTTP/1.1" 200 0
INFO 2025-10-06 19:25:45,420 basehttp "GET /api/moderation/history/8/ HTTP/1.1" 200 1167
INFO 2025-10-06 19:34:42,964 basehttp "OPTIONS /api/moderation/history/8/verdict/ HTTP/1.1" 200 0
INFO 2025-10-06 19:34:42,983 views User admin set final verdict to rejected for moderation 8
INFO 2025-10-06 19:34:42,984 basehttp "POST /api/moderation/history/8/verdict/ HTTP/1.1" 200 75
INFO 2025-10-06 19:34:43,038 basehttp "GET /api/moderation/history/ HTTP/1.1" 200 3048
